This file contains any messages produced by compilers while
running configure, to aid debugging if configure makes a mistake.

It was created by pidgin configure 2.14.12, which was
generated by GNU Autoconf 2.71.  Invocation command line was

  $ ./configure

## --------- ##
## Platform. ##
## --------- ##

hostname = work.g0x.ru
uname -m = x86_64
uname -r = 6.1.8-gentoo
uname -s = Linux
uname -v = #5 SMP PREEMPT_DYNAMIC Wed Mar 29 16:04:03 MSK 2023

/usr/bin/uname -p = Intel(R) Core(TM) i7-2600 CPU @ 3.40GHz
/bin/uname -X     = unknown

/bin/arch              = unknown
/usr/bin/arch -k       = unknown
/usr/convex/getsysinfo = unknown
/usr/bin/hostinfo      = unknown
/bin/machine           = unknown
/usr/bin/oslevel       = unknown
/bin/universe          = unknown

PATH: /usr/local/sbin/
PATH: /usr/local/bin/
PATH: /usr/sbin/
PATH: /usr/bin/
PATH: /sbin/
PATH: /bin/
PATH: /opt/bin/
PATH: /usr/lib/llvm/15/bin/
PATH: /usr/lib64/subversion/bin/
PATH: /etc/eselect/wine/bin/


## ----------- ##
## Core tests. ##
## ----------- ##

configure:3357: looking for aux files: ltmain.sh compile missing install-sh config.guess config.sub
configure:3370:  trying ./
configure:3399:   ./ltmain.sh found
configure:3399:   ./compile found
configure:3399:   ./missing found
configure:3381:   ./install-sh found
configure:3399:   ./config.guess found
configure:3399:   ./config.sub found
configure:3526: checking build system type
configure:3541: result: x86_64-pc-linux-gnu
configure:3561: checking host system type
configure:3575: result: x86_64-pc-linux-gnu
configure:3614: checking for a BSD-compatible install
configure:3687: result: /usr/bin/install -c
configure:3698: checking whether build environment is sane
configure:3753: result: yes
configure:3912: checking for a race-free mkdir -p
configure:3956: result: /bin/mkdir -p
configure:3963: checking for gawk
configure:3984: found /usr/bin/gawk
configure:3995: result: gawk
configure:4006: checking whether make sets $(MAKE)
configure:4029: result: yes
configure:4059: checking whether make supports nested variables
configure:4077: result: yes
configure:4225: checking whether make supports nested variables
configure:4243: result: yes
configure:4269: checking for sed
configure:4292: found /bin/sed
configure:4304: result: /bin/sed
configure:4379: checking for gcc
configure:4400: found /usr/bin/gcc
configure:4411: result: gcc
configure:4764: checking for C compiler version
configure:4773: gcc --version >&5
gcc (Gentoo 12.2.1_p20230121-r1 p10) 12.2.1 20230121
Copyright (C) 2022 Free Software Foundation, Inc.
This is free software; see the source for copying conditions.  There is NO
warranty; not even for MERCHANTABILITY or FITNESS FOR A PARTICULAR PURPOSE.

configure:4784: $? = 0
configure:4773: gcc -v >&5
Using built-in specs.
COLLECT_GCC=gcc
COLLECT_LTO_WRAPPER=/usr/libexec/gcc/x86_64-pc-linux-gnu/12/lto-wrapper
Target: x86_64-pc-linux-gnu
Configured with: /var/tmp/portage/sys-devel/gcc-12.2.1_p20230121-r1/work/gcc-12-20230121/configure --host=x86_64-pc-linux-gnu --build=x86_64-pc-linux-gnu --prefix=/usr --bindir=/usr/x86_64-pc-linux-gnu/gcc-bin/12 --includedir=/usr/lib/gcc/x86_64-pc-linux-gnu/12/include --datadir=/usr/share/gcc-data/x86_64-pc-linux-gnu/12 --mandir=/usr/share/gcc-data/x86_64-pc-linux-gnu/12/man --infodir=/usr/share/gcc-data/x86_64-pc-linux-gnu/12/info --with-gxx-include-dir=/usr/lib/gcc/x86_64-pc-linux-gnu/12/include/g++-v12 --with-python-dir=/share/gcc-data/x86_64-pc-linux-gnu/12/python --enable-languages=c,c++,fortran --enable-obsolete --enable-secureplt --disable-werror --with-system-zlib --enable-nls --without-included-gettext --disable-libunwind-exceptions --enable-checking=release --with-bugurl=https://bugs.gentoo.org/ --with-pkgversion='Gentoo 12.2.1_p20230121-r1 p10' --with-gcc-major-version-only --disable-esp --enable-libstdcxx-time --disable-libstdcxx-pch --enable-shared --enable-threads=posix --enable-__cxa_atexit --enable-clocale=gnu --enable-multilib --with-multilib-list=m32,m64 --disable-fixed-point --enable-targets=all --enable-libgomp --disable-libssp --disable-libada --disable-cet --disable-systemtap --disable-valgrind-annotations --disable-vtable-verify --disable-libvtv --without-zstd --enable-lto --without-isl --enable-default-pie --enable-default-ssp
Thread model: posix
Supported LTO compression algorithms: zlib
gcc version 12.2.1 20230121 (Gentoo 12.2.1_p20230121-r1 p10) 
configure:4784: $? = 0
configure:4773: gcc -V >&5
gcc: error: unrecognized command-line option '-V'
gcc: fatal error: no input files
compilation terminated.
configure:4784: $? = 1
configure:4773: gcc -qversion >&5
gcc: error: unrecognized command-line option '-qversion'; did you mean '--version'?
gcc: fatal error: no input files
compilation terminated.
configure:4784: $? = 1
configure:4773: gcc -version >&5
gcc: error: unrecognized command-line option '-version'
gcc: fatal error: no input files
compilation terminated.
configure:4784: $? = 1
configure:4804: checking whether the C compiler works
configure:4826: gcc    conftest.c  >&5
configure:4830: $? = 0
configure:4880: result: yes
configure:4883: checking for C compiler default output file name
configure:4885: result: a.out
configure:4891: checking for suffix of executables
configure:4898: gcc -o conftest    conftest.c  >&5
configure:4902: $? = 0
configure:4925: result: 
configure:4947: checking whether we are cross compiling
configure:4955: gcc -o conftest    conftest.c  >&5
configure:4959: $? = 0
configure:4966: ./conftest
configure:4970: $? = 0
configure:4985: result: no
configure:4990: checking for suffix of object files
configure:5013: gcc -c   conftest.c >&5
configure:5017: $? = 0
configure:5039: result: o
configure:5043: checking whether the compiler supports GNU C
configure:5063: gcc -c   conftest.c >&5
configure:5063: $? = 0
configure:5073: result: yes
configure:5084: checking whether gcc accepts -g
configure:5105: gcc -c -g  conftest.c >&5
configure:5105: $? = 0
configure:5149: result: yes
configure:5169: checking for gcc option to enable C11 features
configure:5184: gcc  -c -g -O2  conftest.c >&5
configure:5184: $? = 0
configure:5202: result: none needed
configure:5318: checking whether gcc understands -c and -o together
configure:5341: gcc -c conftest.c -o conftest2.o
configure:5344: $? = 0
configure:5341: gcc -c conftest.c -o conftest2.o
configure:5344: $? = 0
configure:5356: result: yes
configure:5376: checking whether make supports the include directive
configure:5391: make -f confmf.GNU && cat confinc.out
this is the am__doit target
configure:5394: $? = 0
configure:5413: result: yes (GNU style)
configure:5439: checking dependency style of gcc
configure:5551: result: gcc3
configure:5646: checking how to print strings
configure:5673: result: printf
configure:5694: checking for a sed that does not truncate output
configure:5764: result: /bin/sed
configure:5782: checking for grep that handles long lines and -e
configure:5846: result: /bin/grep
configure:5851: checking for egrep
configure:5919: result: /bin/grep -E
configure:5924: checking for fgrep
configure:5992: result: /bin/grep -F
configure:6028: checking for ld used by gcc
configure:6096: result: /usr/x86_64-pc-linux-gnu/bin/ld
configure:6103: checking if the linker (/usr/x86_64-pc-linux-gnu/bin/ld) is GNU ld
configure:6119: result: yes
configure:6131: checking for BSD- or MS-compatible name lister (nm)
configure:6186: result: /usr/bin/nm -B
configure:6326: checking the name lister (/usr/bin/nm -B) interface
configure:6334: gcc -c -g -O2  conftest.c >&5
configure:6337: /usr/bin/nm -B "conftest.o"
configure:6340: output
0000000000000000 B some_variable
configure:6347: result: BSD nm
configure:6350: checking whether ln -s works
configure:6354: result: yes
configure:6362: checking the maximum length of command line arguments
configure:6499: result: 1572864
configure:6547: checking how to convert x86_64-pc-linux-gnu file names to x86_64-pc-linux-gnu format
configure:6588: result: func_convert_file_noop
configure:6595: checking how to convert x86_64-pc-linux-gnu file names to toolchain format
configure:6616: result: func_convert_file_noop
configure:6623: checking for /usr/x86_64-pc-linux-gnu/bin/ld option to reload object files
configure:6631: result: -r
configure:6710: checking for file
configure:6731: found /usr/bin/file
configure:6742: result: file
configure:6818: checking for objdump
configure:6839: found /usr/bin/objdump
configure:6850: result: objdump
configure:6882: checking how to recognize dependent libraries
configure:7083: result: pass_all
configure:7173: checking for dlltool
configure:7194: found /usr/lib/llvm/15/bin/dlltool
configure:7205: result: dlltool
configure:7238: checking how to associate runtime and link libraries
configure:7266: result: printf %s\n
configure:7332: checking for ar
configure:7353: found /usr/bin/ar
configure:7364: result: ar
configure:7417: checking for archiver @FILE support
configure:7435: gcc -c -g -O2  conftest.c >&5
configure:7435: $? = 0
configure:7439: ar cr libconftest.a @conftest.lst >&5
configure:7442: $? = 0
configure:7447: ar cr libconftest.a @conftest.lst >&5
ar: conftest.o: No such file or directory
configure:7450: $? = 1
configure:7462: result: @
configure:7525: checking for strip
configure:7546: found /usr/bin/strip
configure:7557: result: strip
configure:7634: checking for ranlib
configure:7655: found /usr/bin/ranlib
configure:7666: result: ranlib
configure:7768: checking command to parse /usr/bin/nm -B output from gcc object
configure:7922: gcc -c -g -O2  conftest.c >&5
configure:7925: $? = 0
configure:7929: /usr/bin/nm -B conftest.o \| /bin/sed -n -e 's/^.*[ ]\([ABCDGIRSTW][ABCDGIRSTW]*\)[ ][ ]*\([_A-Za-z][_A-Za-z0-9]*\)$/\1 \2 \2/p' | /bin/sed '/ __gnu_lto/d' \> conftest.nm
configure:7932: $? = 0
configure:7998: gcc -o conftest -g -O2   conftest.c conftstm.o >&5
configure:8001: $? = 0
configure:8039: result: ok
configure:8086: checking for sysroot
configure:8117: result: no
configure:8124: checking for a working dd
configure:8168: result: /bin/dd
configure:8172: checking how to truncate binary pipes
configure:8188: result: /bin/dd bs=4096 count=1
configure:8325: gcc -c -g -O2  conftest.c >&5
configure:8328: $? = 0
configure:8525: checking for mt
configure:8560: result: no
configure:8580: checking if : is a manifest tool
configure:8587: : '-?'
configure:8595: result: no
configure:9320: checking for stdio.h
configure:9320: gcc -c -g -O2  conftest.c >&5
configure:9320: $? = 0
configure:9320: result: yes
configure:9320: checking for stdlib.h
configure:9320: gcc -c -g -O2  conftest.c >&5
configure:9320: $? = 0
configure:9320: result: yes
configure:9320: checking for string.h
configure:9320: gcc -c -g -O2  conftest.c >&5
configure:9320: $? = 0
configure:9320: result: yes
configure:9320: checking for inttypes.h
configure:9320: gcc -c -g -O2  conftest.c >&5
configure:9320: $? = 0
configure:9320: result: yes
configure:9320: checking for stdint.h
configure:9320: gcc -c -g -O2  conftest.c >&5
configure:9320: $? = 0
configure:9320: result: yes
configure:9320: checking for strings.h
configure:9320: gcc -c -g -O2  conftest.c >&5
configure:9320: $? = 0
configure:9320: result: yes
configure:9320: checking for sys/stat.h
configure:9320: gcc -c -g -O2  conftest.c >&5
configure:9320: $? = 0
configure:9320: result: yes
configure:9320: checking for sys/types.h
configure:9320: gcc -c -g -O2  conftest.c >&5
configure:9320: $? = 0
configure:9320: result: yes
configure:9320: checking for unistd.h
configure:9320: gcc -c -g -O2  conftest.c >&5
configure:9320: $? = 0
configure:9320: result: yes
configure:9345: checking for dlfcn.h
configure:9345: gcc -c -g -O2  conftest.c >&5
configure:9345: $? = 0
configure:9345: result: yes
configure:9573: checking for objdir
configure:9589: result: .libs
configure:9849: checking if gcc supports -fno-rtti -fno-exceptions
configure:9868: gcc -c -g -O2  -fno-rtti -fno-exceptions conftest.c >&5
cc1: warning: command-line option '-fno-rtti' is valid for C++/D/ObjC++ but not for C
configure:9872: $? = 0
configure:9885: result: no
configure:10243: checking for gcc option to produce PIC
configure:10251: result: -fPIC -DPIC
configure:10259: checking if gcc PIC flag -fPIC -DPIC works
configure:10278: gcc -c -g -O2  -fPIC -DPIC -DPIC conftest.c >&5
configure:10282: $? = 0
configure:10295: result: yes
configure:10324: checking if gcc static flag -static works
configure:10353: result: yes
configure:10368: checking if gcc supports -c -o file.o
configure:10390: gcc -c -g -O2  -o out/conftest2.o conftest.c >&5
configure:10394: $? = 0
configure:10416: result: yes
configure:10424: checking if gcc supports -c -o file.o
configure:10472: result: yes
configure:10505: checking whether the gcc linker (/usr/x86_64-pc-linux-gnu/bin/ld -m elf_x86_64) supports shared libraries
configure:11773: result: yes
configure:11810: checking whether -lc should be explicitly linked in
configure:11819: gcc -c -g -O2  conftest.c >&5
configure:11822: $? = 0
configure:11837: gcc -shared  -fPIC -DPIC conftest.o  -v -Wl,-soname -Wl,conftest -o conftest 2\>\&1 \| /bin/grep  -lc  \>/dev/null 2\>\&1
configure:11840: $? = 0
configure:11854: result: no
configure:12014: checking dynamic linker characteristics
configure:12609: gcc -o conftest -g -O2   -Wl,-rpath -Wl,/foo conftest.c  >&5
configure:12609: $? = 0
configure:12848: result: GNU/Linux ld.so
configure:12970: checking how to hardcode library paths into programs
configure:12995: result: immediate
configure:13577: checking whether stripping libraries is possible
configure:13586: result: yes
configure:13628: checking if libtool supports shared libraries
configure:13630: result: yes
configure:13633: checking whether to build shared libraries
configure:13658: result: yes
configure:13661: checking whether to build static libraries
configure:13665: result: no
configure:13763: checking for pkg-config
configure:13786: found /usr/bin/pkg-config
configure:13798: result: /usr/bin/pkg-config
configure:13823: checking pkg-config is at least version 0.9.0
configure:13826: result: yes
configure:13834: checking for size_t
configure:13834: gcc -c -g -O2  conftest.c >&5
configure:13834: $? = 0
configure:13834: gcc -c -g -O2  conftest.c >&5
conftest.c: In function 'main':
conftest.c:55:21: error: expected expression before ')' token
   55 | if (sizeof ((size_t)))
      |                     ^
configure:13834: $? = 1
configure: failed program was:
| /* confdefs.h */
| #define PACKAGE_NAME "pidgin"
| #define PACKAGE_TARNAME "pidgin"
| #define PACKAGE_VERSION "2.14.12"
| #define PACKAGE_STRING "pidgin 2.14.12"
| #define PACKAGE_BUGREPORT "devel@pidgin.im"
| #define PACKAGE_URL ""
| #define PACKAGE "pidgin"
| #define VERSION "2.14.12"
| #define CONFIG_ARGS ""
| #define HAVE_STDIO_H 1
| #define HAVE_STDLIB_H 1
| #define HAVE_STRING_H 1
| #define HAVE_INTTYPES_H 1
| #define HAVE_STDINT_H 1
| #define HAVE_STRINGS_H 1
| #define HAVE_SYS_STAT_H 1
| #define HAVE_SYS_TYPES_H 1
| #define HAVE_UNISTD_H 1
| #define STDC_HEADERS 1
| #define HAVE_DLFCN_H 1
| #define LT_OBJDIR ".libs/"
| /* end confdefs.h.  */
| #include <stddef.h>
| #ifdef HAVE_STDIO_H
| # include <stdio.h>
| #endif
| #ifdef HAVE_STDLIB_H
| # include <stdlib.h>
| #endif
| #ifdef HAVE_STRING_H
| # include <string.h>
| #endif
| #ifdef HAVE_INTTYPES_H
| # include <inttypes.h>
| #endif
| #ifdef HAVE_STDINT_H
| # include <stdint.h>
| #endif
| #ifdef HAVE_STRINGS_H
| # include <strings.h>
| #endif
| #ifdef HAVE_SYS_TYPES_H
| # include <sys/types.h>
| #endif
| #ifdef HAVE_SYS_STAT_H
| # include <sys/stat.h>
| #endif
| #ifdef HAVE_UNISTD_H
| # include <unistd.h>
| #endif
| int
| main (void)
| {
| if (sizeof ((size_t)))
| 	    return 0;
|   ;
|   return 0;
| }
configure:13834: result: yes
configure:13846: checking for working alloca.h
configure:13864: gcc -o conftest -g -O2   conftest.c  >&5
configure:13864: $? = 0
configure:13873: result: yes
configure:13881: checking for alloca
configure:13926: result: yes
configure:13994: checking for gcc options needed to detect all undeclared functions
configure:14016: gcc -c -g -O2   conftest.c >&5
conftest.c: In function 'main':
conftest.c:30:8: error: 'strchr' undeclared (first use in this function)
   30 | (void) strchr;
      |        ^~~~~~
conftest.c:1:1: note: 'strchr' is defined in header '<string.h>'; did you forget to '#include <string.h>'?
    1 | /* confdefs.h */
conftest.c:30:8: note: each undeclared identifier is reported only once for each function it appears in
   30 | (void) strchr;
      |        ^~~~~~
configure:14016: $? = 1
configure: failed program was:
| /* confdefs.h */
| #define PACKAGE_NAME "pidgin"
| #define PACKAGE_TARNAME "pidgin"
| #define PACKAGE_VERSION "2.14.12"
| #define PACKAGE_STRING "pidgin 2.14.12"
| #define PACKAGE_BUGREPORT "devel@pidgin.im"
| #define PACKAGE_URL ""
| #define PACKAGE "pidgin"
| #define VERSION "2.14.12"
| #define CONFIG_ARGS ""
| #define HAVE_STDIO_H 1
| #define HAVE_STDLIB_H 1
| #define HAVE_STRING_H 1
| #define HAVE_INTTYPES_H 1
| #define HAVE_STDINT_H 1
| #define HAVE_STRINGS_H 1
| #define HAVE_SYS_STAT_H 1
| #define HAVE_SYS_TYPES_H 1
| #define HAVE_UNISTD_H 1
| #define STDC_HEADERS 1
| #define HAVE_DLFCN_H 1
| #define LT_OBJDIR ".libs/"
| #define HAVE_ALLOCA_H 1
| #define HAVE_ALLOCA 1
| /* end confdefs.h.  */
| 
| int
| main (void)
| {
| (void) strchr;
|   ;
|   return 0;
| }
configure:14043: gcc -c -g -O2   conftest.c >&5
configure:14043: $? = 0
configure:14060: result: none needed
configure:14074: checking whether __SUNPRO_C is declared
configure:14074: gcc -c -g -O2   conftest.c >&5
conftest.c: In function 'main':
conftest.c:61:10: error: '__SUNPRO_C' undeclared (first use in this function)
   61 |   (void) __SUNPRO_C;
      |          ^~~~~~~~~~
conftest.c:61:10: note: each undeclared identifier is reported only once for each function it appears in
configure:14074: $? = 1
configure: failed program was:
| /* confdefs.h */
| #define PACKAGE_NAME "pidgin"
| #define PACKAGE_TARNAME "pidgin"
| #define PACKAGE_VERSION "2.14.12"
| #define PACKAGE_STRING "pidgin 2.14.12"
| #define PACKAGE_BUGREPORT "devel@pidgin.im"
| #define PACKAGE_URL ""
| #define PACKAGE "pidgin"
| #define VERSION "2.14.12"
| #define CONFIG_ARGS ""
| #define HAVE_STDIO_H 1
| #define HAVE_STDLIB_H 1
| #define HAVE_STRING_H 1
| #define HAVE_INTTYPES_H 1
| #define HAVE_STDINT_H 1
| #define HAVE_STRINGS_H 1
| #define HAVE_SYS_STAT_H 1
| #define HAVE_SYS_TYPES_H 1
| #define HAVE_UNISTD_H 1
| #define STDC_HEADERS 1
| #define HAVE_DLFCN_H 1
| #define LT_OBJDIR ".libs/"
| #define HAVE_ALLOCA_H 1
| #define HAVE_ALLOCA 1
| /* end confdefs.h.  */
| #include <stddef.h>
| #ifdef HAVE_STDIO_H
| # include <stdio.h>
| #endif
| #ifdef HAVE_STDLIB_H
| # include <stdlib.h>
| #endif
| #ifdef HAVE_STRING_H
| # include <string.h>
| #endif
| #ifdef HAVE_INTTYPES_H
| # include <inttypes.h>
| #endif
| #ifdef HAVE_STDINT_H
| # include <stdint.h>
| #endif
| #ifdef HAVE_STRINGS_H
| # include <strings.h>
| #endif
| #ifdef HAVE_SYS_TYPES_H
| # include <sys/types.h>
| #endif
| #ifdef HAVE_SYS_STAT_H
| # include <sys/stat.h>
| #endif
| #ifdef HAVE_UNISTD_H
| # include <unistd.h>
| #endif
| int
| main (void)
| {
| #ifndef __SUNPRO_C
| #ifdef __cplusplus
|   (void) __SUNPRO_C;
| #else
|   (void) __SUNPRO_C;
| #endif
| #endif
| 
|   ;
|   return 0;
| }
configure:14074: result: no
configure:14085: checking for egrep
configure:14153: result: /bin/grep -E
configure:14159: checking for sys/wait.h that is POSIX.1 compatible
configure:14186: gcc -c -g -O2  conftest.c >&5
configure:14186: $? = 0
configure:14194: result: yes
configure:14202: checking for arpa/nameser_compat.h
configure:14202: gcc -c -g -O2  conftest.c >&5
configure:14202: $? = 0
configure:14202: result: yes
configure:14208: checking for fcntl.h
configure:14208: gcc -c -g -O2  conftest.c >&5
configure:14208: $? = 0
configure:14208: result: yes
configure:14214: checking for sys/time.h
configure:14214: gcc -c -g -O2  conftest.c >&5
configure:14214: $? = 0
configure:14214: result: yes
configure:14220: checking for unistd.h
configure:14220: result: yes
configure:14226: checking for locale.h
configure:14226: gcc -c -g -O2  conftest.c >&5
configure:14226: $? = 0
configure:14226: result: yes
configure:14232: checking for signal.h
configure:14232: gcc -c -g -O2  conftest.c >&5
configure:14232: $? = 0
configure:14232: result: yes
configure:14238: checking for stdint.h
configure:14238: result: yes
configure:14244: checking for regex.h
configure:14244: gcc -c -g -O2  conftest.c >&5
configure:14244: $? = 0
configure:14244: result: yes
configure:14252: checking for an ANSI C-conforming const
configure:14319: gcc -c -g -O2  conftest.c >&5
configure:14319: $? = 0
configure:14327: result: yes
configure:14335: checking whether struct tm is in sys/time.h or time.h
configure:14356: gcc -c -g -O2  conftest.c >&5
configure:14356: $? = 0
configure:14364: result: time.h
configure:14376: checking size of time_t
configure:14382: gcc -o conftest -g -O2   conftest.c  >&5
configure:14382: $? = 0
configure:14382: ./conftest
configure:14382: $? = 0
configure:14400: result: 8
configure:14409: checking whether byte ordering is bigendian
configure:14425: gcc -c -g -O2  conftest.c >&5
conftest.c:37:16: error: unknown type name 'not'
   37 |                not a universal capable compiler
      |                ^~~
conftest.c:37:22: error: expected '=', ',', ';', 'asm' or '__attribute__' before 'universal'
   37 |                not a universal capable compiler
      |                      ^~~~~~~~~
conftest.c:37:22: error: unknown type name 'universal'
configure:14425: $? = 1
configure: failed program was:
| /* confdefs.h */
| #define PACKAGE_NAME "pidgin"
| #define PACKAGE_TARNAME "pidgin"
| #define PACKAGE_VERSION "2.14.12"
| #define PACKAGE_STRING "pidgin 2.14.12"
| #define PACKAGE_BUGREPORT "devel@pidgin.im"
| #define PACKAGE_URL ""
| #define PACKAGE "pidgin"
| #define VERSION "2.14.12"
| #define CONFIG_ARGS ""
| #define HAVE_STDIO_H 1
| #define HAVE_STDLIB_H 1
| #define HAVE_STRING_H 1
| #define HAVE_INTTYPES_H 1
| #define HAVE_STDINT_H 1
| #define HAVE_STRINGS_H 1
| #define HAVE_SYS_STAT_H 1
| #define HAVE_SYS_TYPES_H 1
| #define HAVE_UNISTD_H 1
| #define STDC_HEADERS 1
| #define HAVE_DLFCN_H 1
| #define LT_OBJDIR ".libs/"
| #define HAVE_ALLOCA_H 1
| #define HAVE_ALLOCA 1
| #define HAVE_SYS_WAIT_H 1
| #define HAVE_ARPA_NAMESER_COMPAT_H 1
| #define HAVE_FCNTL_H 1
| #define HAVE_SYS_TIME_H 1
| #define HAVE_UNISTD_H 1
| #define HAVE_LOCALE_H 1
| #define HAVE_SIGNAL_H 1
| #define HAVE_STDINT_H 1
| #define HAVE_REGEX_H 1
| #define SIZEOF_TIME_T 8
| /* end confdefs.h.  */
| #ifndef __APPLE_CC__
| 	       not a universal capable compiler
| 	     #endif
| 	     typedef int dummy;
| 
configure:14471: gcc -c -g -O2  conftest.c >&5
configure:14471: $? = 0
configure:14490: gcc -c -g -O2  conftest.c >&5
conftest.c: In function 'main':
conftest.c:43:18: error: unknown type name 'not'; did you mean 'ino_t'?
   43 |                  not big endian
      |                  ^~~
      |                  ino_t
conftest.c:43:26: error: expected '=', ',', ';', 'asm' or '__attribute__' before 'endian'
   43 |                  not big endian
      |                          ^~~~~~
configure:14490: $? = 1
configure: failed program was:
| /* confdefs.h */
| #define PACKAGE_NAME "pidgin"
| #define PACKAGE_TARNAME "pidgin"
| #define PACKAGE_VERSION "2.14.12"
| #define PACKAGE_STRING "pidgin 2.14.12"
| #define PACKAGE_BUGREPORT "devel@pidgin.im"
| #define PACKAGE_URL ""
| #define PACKAGE "pidgin"
| #define VERSION "2.14.12"
| #define CONFIG_ARGS ""
| #define HAVE_STDIO_H 1
| #define HAVE_STDLIB_H 1
| #define HAVE_STRING_H 1
| #define HAVE_INTTYPES_H 1
| #define HAVE_STDINT_H 1
| #define HAVE_STRINGS_H 1
| #define HAVE_SYS_STAT_H 1
| #define HAVE_SYS_TYPES_H 1
| #define HAVE_UNISTD_H 1
| #define STDC_HEADERS 1
| #define HAVE_DLFCN_H 1
| #define LT_OBJDIR ".libs/"
| #define HAVE_ALLOCA_H 1
| #define HAVE_ALLOCA 1
| #define HAVE_SYS_WAIT_H 1
| #define HAVE_ARPA_NAMESER_COMPAT_H 1
| #define HAVE_FCNTL_H 1
| #define HAVE_SYS_TIME_H 1
| #define HAVE_UNISTD_H 1
| #define HAVE_LOCALE_H 1
| #define HAVE_SIGNAL_H 1
| #define HAVE_STDINT_H 1
| #define HAVE_REGEX_H 1
| #define SIZEOF_TIME_T 8
| /* end confdefs.h.  */
| #include <sys/types.h>
| 		#include <sys/param.h>
| 
| int
| main (void)
| {
| #if BYTE_ORDER != BIG_ENDIAN
| 		 not big endian
| 		#endif
| 
|   ;
|   return 0;
| }
configure:14626: result: no
configure:14745: checking for cos in -lm
configure:14774: gcc -o conftest -g -O2   conftest.c -lm   >&5
conftest.c:46:6: warning: conflicting types for built-in function 'cos'; expected 'double(double)' [-Wbuiltin-declaration-mismatch]
   46 | char cos (void);
      |      ^~~
conftest.c:1:1: note: 'cos' is declared in header '<math.h>'
    1 | /* confdefs.h */
configure:14774: $? = 0
configure:14784: result: yes
configure:14797: checking return type of signal handlers
configure:14816: gcc -c -g -O2  conftest.c >&5
conftest.c: In function 'main':
conftest.c:42:10: error: void value not ignored as it ought to be
   42 | return *(signal (0, 0)) (0) == 1;
      |         ~^~~~~~~~~~~~~~~~~~
configure:14816: $? = 1
configure: failed program was:
| /* confdefs.h */
| #define PACKAGE_NAME "pidgin"
| #define PACKAGE_TARNAME "pidgin"
| #define PACKAGE_VERSION "2.14.12"
| #define PACKAGE_STRING "pidgin 2.14.12"
| #define PACKAGE_BUGREPORT "devel@pidgin.im"
| #define PACKAGE_URL ""
| #define PACKAGE "pidgin"
| #define VERSION "2.14.12"
| #define CONFIG_ARGS ""
| #define HAVE_STDIO_H 1
| #define HAVE_STDLIB_H 1
| #define HAVE_STRING_H 1
| #define HAVE_INTTYPES_H 1
| #define HAVE_STDINT_H 1
| #define HAVE_STRINGS_H 1
| #define HAVE_SYS_STAT_H 1
| #define HAVE_SYS_TYPES_H 1
| #define HAVE_UNISTD_H 1
| #define STDC_HEADERS 1
| #define HAVE_DLFCN_H 1
| #define LT_OBJDIR ".libs/"
| #define HAVE_ALLOCA_H 1
| #define HAVE_ALLOCA 1
| #define HAVE_SYS_WAIT_H 1
| #define HAVE_ARPA_NAMESER_COMPAT_H 1
| #define HAVE_FCNTL_H 1
| #define HAVE_SYS_TIME_H 1
| #define HAVE_UNISTD_H 1
| #define HAVE_LOCALE_H 1
| #define HAVE_SIGNAL_H 1
| #define HAVE_STDINT_H 1
| #define HAVE_REGEX_H 1
| #define SIZEOF_TIME_T 8
| /* end confdefs.h.  */
| #include <sys/types.h>
| #include <signal.h>
| 
| int
| main (void)
| {
| return *(signal (0, 0)) (0) == 1;
|   ;
|   return 0;
| }
configure:14824: result: void
configure:14833: checking for strftime
configure:14833: gcc -o conftest -g -O2   conftest.c  >&5
conftest.c:53:6: warning: conflicting types for built-in function 'strftime'; expected 'long unsigned int(char *, long unsigned int,  const char *, const void *)' [-Wbuiltin-declaration-mismatch]
   53 | char strftime (void);
      |      ^~~~~~~~
conftest.c:45:1: note: 'strftime' is declared in header '<time.h>'
   44 | #include <limits.h>
   45 | #undef strftime
configure:14833: $? = 0
configure:14833: result: yes
configure:14891: checking for strdup
configure:14891: gcc -o conftest -g -O2   conftest.c  >&5
conftest.c:54:6: warning: conflicting types for built-in function 'strdup'; expected 'char *(const char *)' [-Wbuiltin-declaration-mismatch]
   54 | char strdup (void);
      |      ^~~~~~
configure:14891: $? = 0
configure:14891: result: yes
configure:14897: checking for strstr
configure:14897: gcc -o conftest -g -O2   conftest.c  >&5
conftest.c:55:6: warning: conflicting types for built-in function 'strstr'; expected 'char *(const char *, const char *)' [-Wbuiltin-declaration-mismatch]
   55 | char strstr (void);
      |      ^~~~~~
conftest.c:47:1: note: 'strstr' is declared in header '<string.h>'
   46 | #include <limits.h>
   47 | #undef strstr
configure:14897: $? = 0
configure:14897: result: yes
configure:14903: checking for atexit
configure:14903: gcc -o conftest -g -O2   conftest.c  >&5
configure:14903: $? = 0
configure:14903: result: yes
configure:14909: checking for setlocale
configure:14909: gcc -o conftest -g -O2   conftest.c  >&5
configure:14909: $? = 0
configure:14909: result: yes
configure:14919: checking for getopt_long
configure:14919: gcc -o conftest -g -O2   conftest.c  >&5
configure:14919: $? = 0
configure:14919: result: yes
configure:14943: checking for inet_aton
configure:14943: gcc -o conftest -g -O2   conftest.c  >&5
configure:14943: $? = 0
configure:14943: result: yes
configure:15001: checking for __res_query in -lresolv
configure:15030: gcc -o conftest -g -O2   conftest.c -lresolv   >&5
/usr/lib/gcc/x86_64-pc-linux-gnu/12/../../../../x86_64-pc-linux-gnu/bin/ld: /tmp/cc3BdV6c.o: in function `main':
/tmp/14/pidgin/conftest.c:57: undefined reference to `__res_query'
collect2: error: ld returned 1 exit status
configure:15030: $? = 1
configure: failed program was:
| /* confdefs.h */
| #define PACKAGE_NAME "pidgin"
| #define PACKAGE_TARNAME "pidgin"
| #define PACKAGE_VERSION "2.14.12"
| #define PACKAGE_STRING "pidgin 2.14.12"
| #define PACKAGE_BUGREPORT "devel@pidgin.im"
| #define PACKAGE_URL ""
| #define PACKAGE "pidgin"
| #define VERSION "2.14.12"
| #define CONFIG_ARGS ""
| #define HAVE_STDIO_H 1
| #define HAVE_STDLIB_H 1
| #define HAVE_STRING_H 1
| #define HAVE_INTTYPES_H 1
| #define HAVE_STDINT_H 1
| #define HAVE_STRINGS_H 1
| #define HAVE_SYS_STAT_H 1
| #define HAVE_SYS_TYPES_H 1
| #define HAVE_UNISTD_H 1
| #define STDC_HEADERS 1
| #define HAVE_DLFCN_H 1
| #define LT_OBJDIR ".libs/"
| #define HAVE_ALLOCA_H 1
| #define HAVE_ALLOCA 1
| #define HAVE_SYS_WAIT_H 1
| #define HAVE_ARPA_NAMESER_COMPAT_H 1
| #define HAVE_FCNTL_H 1
| #define HAVE_SYS_TIME_H 1
| #define HAVE_UNISTD_H 1
| #define HAVE_LOCALE_H 1
| #define HAVE_SIGNAL_H 1
| #define HAVE_STDINT_H 1
| #define HAVE_REGEX_H 1
| #define SIZEOF_TIME_T 8
| #define RETSIGTYPE void
| #define HAVE_STRFTIME 1
| #define HAVE_STRDUP 1
| #define HAVE_STRSTR 1
| #define HAVE_ATEXIT 1
| #define HAVE_SETLOCALE 1
| #define HAVE_GETOPT_LONG 1
| /* end confdefs.h.  */
| 
| /* Override any GCC internal prototype to avoid an error.
|    Use char because int might match the return type of a GCC
|    builtin and then its argument prototype would still apply.
|    The 'extern "C"' is for builds by C++ compilers;
|    although this is not generally supported in C code supporting it here
|    has little cost and some practical benefit (sr 110532).  */
| #ifdef __cplusplus
| extern "C"
| #endif
| char __res_query (void);
| int
| main (void)
| {
| return __res_query ();
|   ;
|   return 0;
| }
configure:15040: result: no
configure:15050: checking for gethostent in -lnsl
configure:15079: gcc -o conftest -g -O2   conftest.c -lnsl   >&5
configure:15079: $? = 0
configure:15089: result: yes
configure:15099: checking for socket
configure:15099: gcc -o conftest -g -O2   conftest.c -lnsl  >&5
configure:15099: $? = 0
configure:15099: result: yes
configure:15157: checking for getaddrinfo
configure:15157: gcc -o conftest -g -O2   conftest.c -lnsl  >&5
configure:15157: $? = 0
configure:15157: result: yes
configure:15213: checking for inet_ntop
configure:15213: gcc -o conftest -g -O2   conftest.c -lnsl  >&5
configure:15213: $? = 0
configure:15213: result: yes
configure:15220: checking for getifaddrs
configure:15220: gcc -o conftest -g -O2   conftest.c -lnsl  >&5
configure:15220: $? = 0
configure:15220: result: yes
configure:15227: checking for socklen_t
configure:15244: gcc -c -g -O2  conftest.c >&5
configure:15244: $? = 0
configure:15247: result: yes
configure:15290: checking for struct sockaddr.sa_len
configure:15290: gcc -c -g -O2  conftest.c >&5
conftest.c: In function 'main':
conftest.c:53:12: error: 'struct sockaddr' has no member named 'sa_len'
   53 | if (ac_aggr.sa_len)
      |            ^
configure:15290: $? = 1
configure: failed program was:
| /* confdefs.h */
| #define PACKAGE_NAME "pidgin"
| #define PACKAGE_TARNAME "pidgin"
| #define PACKAGE_VERSION "2.14.12"
| #define PACKAGE_STRING "pidgin 2.14.12"
| #define PACKAGE_BUGREPORT "devel@pidgin.im"
| #define PACKAGE_URL ""
| #define PACKAGE "pidgin"
| #define VERSION "2.14.12"
| #define CONFIG_ARGS ""
| #define HAVE_STDIO_H 1
| #define HAVE_STDLIB_H 1
| #define HAVE_STRING_H 1
| #define HAVE_INTTYPES_H 1
| #define HAVE_STDINT_H 1
| #define HAVE_STRINGS_H 1
| #define HAVE_SYS_STAT_H 1
| #define HAVE_SYS_TYPES_H 1
| #define HAVE_UNISTD_H 1
| #define STDC_HEADERS 1
| #define HAVE_DLFCN_H 1
| #define LT_OBJDIR ".libs/"
| #define HAVE_ALLOCA_H 1
| #define HAVE_ALLOCA 1
| #define HAVE_SYS_WAIT_H 1
| #define HAVE_ARPA_NAMESER_COMPAT_H 1
| #define HAVE_FCNTL_H 1
| #define HAVE_SYS_TIME_H 1
| #define HAVE_UNISTD_H 1
| #define HAVE_LOCALE_H 1
| #define HAVE_SIGNAL_H 1
| #define HAVE_STDINT_H 1
| #define HAVE_REGEX_H 1
| #define SIZEOF_TIME_T 8
| #define RETSIGTYPE void
| #define HAVE_STRFTIME 1
| #define HAVE_STRDUP 1
| #define HAVE_STRSTR 1
| #define HAVE_ATEXIT 1
| #define HAVE_SETLOCALE 1
| #define HAVE_GETOPT_LONG 1
| #define HAVE_LIBNSL 1
| #define HAVE_GETADDRINFO 1
| #define HAVE_INET_NTOP 1
| #define HAVE_GETIFADDRS 1
| /* end confdefs.h.  */
| #include <sys/socket.h>
| 
| int
| main (void)
| {
| static struct sockaddr ac_aggr;
| if (ac_aggr.sa_len)
| return 0;
|   ;
|   return 0;
| }
configure:15290: gcc -c -g -O2  conftest.c >&5
conftest.c: In function 'main':
conftest.c:53:19: error: 'struct sockaddr' has no member named 'sa_len'
   53 | if (sizeof ac_aggr.sa_len)
      |                   ^
configure:15290: $? = 1
configure: failed program was:
| /* confdefs.h */
| #define PACKAGE_NAME "pidgin"
| #define PACKAGE_TARNAME "pidgin"
| #define PACKAGE_VERSION "2.14.12"
| #define PACKAGE_STRING "pidgin 2.14.12"
| #define PACKAGE_BUGREPORT "devel@pidgin.im"
| #define PACKAGE_URL ""
| #define PACKAGE "pidgin"
| #define VERSION "2.14.12"
| #define CONFIG_ARGS ""
| #define HAVE_STDIO_H 1
| #define HAVE_STDLIB_H 1
| #define HAVE_STRING_H 1
| #define HAVE_INTTYPES_H 1
| #define HAVE_STDINT_H 1
| #define HAVE_STRINGS_H 1
| #define HAVE_SYS_STAT_H 1
| #define HAVE_SYS_TYPES_H 1
| #define HAVE_UNISTD_H 1
| #define STDC_HEADERS 1
| #define HAVE_DLFCN_H 1
| #define LT_OBJDIR ".libs/"
| #define HAVE_ALLOCA_H 1
| #define HAVE_ALLOCA 1
| #define HAVE_SYS_WAIT_H 1
| #define HAVE_ARPA_NAMESER_COMPAT_H 1
| #define HAVE_FCNTL_H 1
| #define HAVE_SYS_TIME_H 1
| #define HAVE_UNISTD_H 1
| #define HAVE_LOCALE_H 1
| #define HAVE_SIGNAL_H 1
| #define HAVE_STDINT_H 1
| #define HAVE_REGEX_H 1
| #define SIZEOF_TIME_T 8
| #define RETSIGTYPE void
| #define HAVE_STRFTIME 1
| #define HAVE_STRDUP 1
| #define HAVE_STRSTR 1
| #define HAVE_ATEXIT 1
| #define HAVE_SETLOCALE 1
| #define HAVE_GETOPT_LONG 1
| #define HAVE_LIBNSL 1
| #define HAVE_GETADDRINFO 1
| #define HAVE_INET_NTOP 1
| #define HAVE_GETIFADDRS 1
| /* end confdefs.h.  */
| #include <sys/socket.h>
| 
| int
| main (void)
| {
| static struct sockaddr ac_aggr;
| if (sizeof ac_aggr.sa_len)
| return 0;
|   ;
|   return 0;
| }
configure:15290: result: no
configure:15302: checking whether IPV6_V6ONLY is declared
configure:15302: gcc -c -g -O2   conftest.c >&5
configure:15302: $? = 0
configure:15302: result: yes
configure:15319: checking for special C compiler options needed for large files
configure:15367: result: no
configure:15373: checking for _FILE_OFFSET_BITS value needed for large files
configure:15399: gcc -c -g -O2  conftest.c >&5
configure:15399: $? = 0
configure:15433: result: no
configure:15516: checking for dlopen
configure:15516: gcc -o conftest -g -O2   conftest.c -lnsl  >&5
configure:15516: $? = 0
configure:15516: result: yes
configure:15570: checking for library containing ceil
configure:15606: gcc -o conftest -g -O2   conftest.c -lnsl  >&5
conftest.c:58:6: warning: conflicting types for built-in function 'ceil'; expected 'double(double)' [-Wbuiltin-declaration-mismatch]
   58 | char ceil (void);
      |      ^~~~
conftest.c:1:1: note: 'ceil' is declared in header '<math.h>'
    1 | /* confdefs.h */
/usr/lib/gcc/x86_64-pc-linux-gnu/12/../../../../x86_64-pc-linux-gnu/bin/ld: /tmp/ccT9TqBP.o: in function `main':
/tmp/14/pidgin/conftest.c:62: undefined reference to `ceil'
collect2: error: ld returned 1 exit status
configure:15606: $? = 1
configure: failed program was:
| /* confdefs.h */
| #define PACKAGE_NAME "pidgin"
| #define PACKAGE_TARNAME "pidgin"
| #define PACKAGE_VERSION "2.14.12"
| #define PACKAGE_STRING "pidgin 2.14.12"
| #define PACKAGE_BUGREPORT "devel@pidgin.im"
| #define PACKAGE_URL ""
| #define PACKAGE "pidgin"
| #define VERSION "2.14.12"
| #define CONFIG_ARGS ""
| #define HAVE_STDIO_H 1
| #define HAVE_STDLIB_H 1
| #define HAVE_STRING_H 1
| #define HAVE_INTTYPES_H 1
| #define HAVE_STDINT_H 1
| #define HAVE_STRINGS_H 1
| #define HAVE_SYS_STAT_H 1
| #define HAVE_SYS_TYPES_H 1
| #define HAVE_UNISTD_H 1
| #define STDC_HEADERS 1
| #define HAVE_DLFCN_H 1
| #define LT_OBJDIR ".libs/"
| #define HAVE_ALLOCA_H 1
| #define HAVE_ALLOCA 1
| #define HAVE_SYS_WAIT_H 1
| #define HAVE_ARPA_NAMESER_COMPAT_H 1
| #define HAVE_FCNTL_H 1
| #define HAVE_SYS_TIME_H 1
| #define HAVE_UNISTD_H 1
| #define HAVE_LOCALE_H 1
| #define HAVE_SIGNAL_H 1
| #define HAVE_STDINT_H 1
| #define HAVE_REGEX_H 1
| #define SIZEOF_TIME_T 8
| #define RETSIGTYPE void
| #define HAVE_STRFTIME 1
| #define HAVE_STRDUP 1
| #define HAVE_STRSTR 1
| #define HAVE_ATEXIT 1
| #define HAVE_SETLOCALE 1
| #define HAVE_GETOPT_LONG 1
| #define HAVE_LIBNSL 1
| #define HAVE_GETADDRINFO 1
| #define HAVE_INET_NTOP 1
| #define HAVE_GETIFADDRS 1
| #define HAVE_IPV6_V6ONLY 1
| /* end confdefs.h.  */
| 
| /* Override any GCC internal prototype to avoid an error.
|    Use char because int might match the return type of a GCC
|    builtin and then its argument prototype would still apply.
|    The 'extern "C"' is for builds by C++ compilers;
|    although this is not generally supported in C code supporting it here
|    has little cost and some practical benefit (sr 110532).  */
| #ifdef __cplusplus
| extern "C"
| #endif
| char ceil (void);
| int
| main (void)
| {
| return ceil ();
|   ;
|   return 0;
| }
configure:15606: gcc -o conftest -g -O2   conftest.c -lm  -lnsl  >&5
conftest.c:58:6: warning: conflicting types for built-in function 'ceil'; expected 'double(double)' [-Wbuiltin-declaration-mismatch]
   58 | char ceil (void);
      |      ^~~~
conftest.c:1:1: note: 'ceil' is declared in header '<math.h>'
    1 | /* confdefs.h */
configure:15606: $? = 0
configure:15626: result: -lm
configure:15640: checking for fileno()
configure:15666: gcc -o conftest -g -O2   conftest.c -lm -lnsl  >&5
configure:15666: $? = 0
configure:15666: ./conftest
configure:15666: $? = 0
configure:15669: result: yes
configure:15686: checking for the %z format string in strftime()
configure:15725: gcc -o conftest -g -O2   conftest.c -lm -lnsl  >&5
configure:15725: $? = 0
configure:15725: ./conftest
strftime("%z") yields: "+0300"
configure:15725: $? = 0
configure:15728: result: yes
configure:15844: checking whether NLS is requested
configure:15854: result: yes
configure:15882: checking for intltool-update
configure:15905: found /usr/bin/intltool-update
configure:15917: result: /usr/bin/intltool-update
configure:15927: checking for intltool-merge
configure:15950: found /usr/bin/intltool-merge
configure:15962: result: /usr/bin/intltool-merge
configure:15972: checking for intltool-extract
configure:15995: found /usr/bin/intltool-extract
configure:16007: result: /usr/bin/intltool-extract
configure:16161: checking for xgettext
configure:16184: found /usr/bin/xgettext
configure:16196: result: /usr/bin/xgettext
configure:16206: checking for msgmerge
configure:16229: found /usr/bin/msgmerge
configure:16241: result: /usr/bin/msgmerge
configure:16251: checking for msgfmt
configure:16274: found /usr/bin/msgfmt
configure:16286: result: /usr/bin/msgfmt
configure:16296: checking for gmsgfmt
configure:16319: found /usr/bin/gmsgfmt
configure:16332: result: /usr/bin/gmsgfmt
configure:16352: checking for perl
configure:16375: found /usr/bin/perl
configure:16387: result: /usr/bin/perl
configure:16398: checking for perl >= 5.8.1
configure:16405: result: 5.36.0
configure:16409: checking for XML::Parser
configure:16412: result: ok
configure:16430: checking for locale.h
configure:16430: result: yes
configure:16438: checking for LC_MESSAGES
configure:16455: gcc -o conftest -g -O2   conftest.c -lm -lnsl  >&5
configure:16455: $? = 0
configure:16464: result: yes
configure:16482: checking for CFPreferencesCopyAppValue
configure:16501: gcc -o conftest -g -O2   conftest.c -lm -lnsl  -Wl,-framework -Wl,CoreFoundation >&5
conftest.c:52:10: fatal error: CoreFoundation/CFPreferences.h: No such file or directory
   52 | #include <CoreFoundation/CFPreferences.h>
      |          ^~~~~~~~~~~~~~~~~~~~~~~~~~~~~~~~
compilation terminated.
configure:16501: $? = 1
configure: failed program was:
| /* confdefs.h */
| #define PACKAGE_NAME "pidgin"
| #define PACKAGE_TARNAME "pidgin"
| #define PACKAGE_VERSION "2.14.12"
| #define PACKAGE_STRING "pidgin 2.14.12"
| #define PACKAGE_BUGREPORT "devel@pidgin.im"
| #define PACKAGE_URL ""
| #define PACKAGE "pidgin"
| #define VERSION "2.14.12"
| #define CONFIG_ARGS ""
| #define HAVE_STDIO_H 1
| #define HAVE_STDLIB_H 1
| #define HAVE_STRING_H 1
| #define HAVE_INTTYPES_H 1
| #define HAVE_STDINT_H 1
| #define HAVE_STRINGS_H 1
| #define HAVE_SYS_STAT_H 1
| #define HAVE_SYS_TYPES_H 1
| #define HAVE_UNISTD_H 1
| #define STDC_HEADERS 1
| #define HAVE_DLFCN_H 1
| #define LT_OBJDIR ".libs/"
| #define HAVE_ALLOCA_H 1
| #define HAVE_ALLOCA 1
| #define HAVE_SYS_WAIT_H 1
| #define HAVE_ARPA_NAMESER_COMPAT_H 1
| #define HAVE_FCNTL_H 1
| #define HAVE_SYS_TIME_H 1
| #define HAVE_UNISTD_H 1
| #define HAVE_LOCALE_H 1
| #define HAVE_SIGNAL_H 1
| #define HAVE_STDINT_H 1
| #define HAVE_REGEX_H 1
| #define SIZEOF_TIME_T 8
| #define RETSIGTYPE void
| #define HAVE_STRFTIME 1
| #define HAVE_STRDUP 1
| #define HAVE_STRSTR 1
| #define HAVE_ATEXIT 1
| #define HAVE_SETLOCALE 1
| #define HAVE_GETOPT_LONG 1
| #define HAVE_LIBNSL 1
| #define HAVE_GETADDRINFO 1
| #define HAVE_INET_NTOP 1
| #define HAVE_GETIFADDRS 1
| #define HAVE_IPV6_V6ONLY 1
| #define HAVE_FILENO 1
| #define HAVE_STRFTIME_Z_FORMAT 1
| #define HAVE_LOCALE_H 1
| #define HAVE_LC_MESSAGES 1
| /* end confdefs.h.  */
| #include <CoreFoundation/CFPreferences.h>
| int
| main (void)
| {
| CFPreferencesCopyAppValue(NULL, NULL)
|   ;
|   return 0;
| }
configure:16511: result: no
configure:16518: checking for CFLocaleCopyCurrent
configure:16537: gcc -o conftest -g -O2   conftest.c -lm -lnsl  -Wl,-framework -Wl,CoreFoundation >&5
conftest.c:52:10: fatal error: CoreFoundation/CFLocale.h: No such file or directory
   52 | #include <CoreFoundation/CFLocale.h>
      |          ^~~~~~~~~~~~~~~~~~~~~~~~~~~
compilation terminated.
configure:16537: $? = 1
configure: failed program was:
| /* confdefs.h */
| #define PACKAGE_NAME "pidgin"
| #define PACKAGE_TARNAME "pidgin"
| #define PACKAGE_VERSION "2.14.12"
| #define PACKAGE_STRING "pidgin 2.14.12"
| #define PACKAGE_BUGREPORT "devel@pidgin.im"
| #define PACKAGE_URL ""
| #define PACKAGE "pidgin"
| #define VERSION "2.14.12"
| #define CONFIG_ARGS ""
| #define HAVE_STDIO_H 1
| #define HAVE_STDLIB_H 1
| #define HAVE_STRING_H 1
| #define HAVE_INTTYPES_H 1
| #define HAVE_STDINT_H 1
| #define HAVE_STRINGS_H 1
| #define HAVE_SYS_STAT_H 1
| #define HAVE_SYS_TYPES_H 1
| #define HAVE_UNISTD_H 1
| #define STDC_HEADERS 1
| #define HAVE_DLFCN_H 1
| #define LT_OBJDIR ".libs/"
| #define HAVE_ALLOCA_H 1
| #define HAVE_ALLOCA 1
| #define HAVE_SYS_WAIT_H 1
| #define HAVE_ARPA_NAMESER_COMPAT_H 1
| #define HAVE_FCNTL_H 1
| #define HAVE_SYS_TIME_H 1
| #define HAVE_UNISTD_H 1
| #define HAVE_LOCALE_H 1
| #define HAVE_SIGNAL_H 1
| #define HAVE_STDINT_H 1
| #define HAVE_REGEX_H 1
| #define SIZEOF_TIME_T 8
| #define RETSIGTYPE void
| #define HAVE_STRFTIME 1
| #define HAVE_STRDUP 1
| #define HAVE_STRSTR 1
| #define HAVE_ATEXIT 1
| #define HAVE_SETLOCALE 1
| #define HAVE_GETOPT_LONG 1
| #define HAVE_LIBNSL 1
| #define HAVE_GETADDRINFO 1
| #define HAVE_INET_NTOP 1
| #define HAVE_GETIFADDRS 1
| #define HAVE_IPV6_V6ONLY 1
| #define HAVE_FILENO 1
| #define HAVE_STRFTIME_Z_FORMAT 1
| #define HAVE_LOCALE_H 1
| #define HAVE_LC_MESSAGES 1
| /* end confdefs.h.  */
| #include <CoreFoundation/CFLocale.h>
| int
| main (void)
| {
| CFLocaleCopyCurrent();
|   ;
|   return 0;
| }
configure:16547: result: no
configure:16561: checking for libintl.h
configure:16561: gcc -c -g -O2  conftest.c >&5
configure:16561: $? = 0
configure:16561: result: yes
configure:16570: checking for ngettext in libc
configure:16589: gcc -o conftest -g -O2   conftest.c -lm -lnsl  >&5
configure:16589: $? = 0
configure:16599: result: yes
configure:16603: checking for dgettext in libc
configure:16622: gcc -o conftest -g -O2   conftest.c -lm -lnsl  >&5
configure:16622: $? = 0
configure:16632: result: yes
configure:16637: checking for bind_textdomain_codeset
configure:16637: gcc -o conftest -g -O2   conftest.c -lm -lnsl  >&5
configure:16637: $? = 0
configure:16637: result: yes
configure:16937: checking for msgfmt
configure:16965: result: /usr/bin/msgfmt
configure:16974: checking for dcgettext
configure:16974: gcc -o conftest -g -O2   conftest.c -lm -lnsl   >&5
conftest.c:70:6: warning: conflicting types for built-in function 'dcgettext'; expected 'char *(const char *, const char *, int)' [-Wbuiltin-declaration-mismatch]
   70 | char dcgettext (void);
      |      ^~~~~~~~~
configure:16974: $? = 0
configure:16974: result: yes
configure:16982: checking if msgfmt accepts -c
configure:16997: $MSGFMT -c -o /dev/null conftest.foo
conftest.foo:3: warning: header field 'Language' missing in header
configure:17000: $? = 0
configure:17002: result: yes
configure:17012: checking for gmsgfmt
configure:17048: result: /usr/bin/gmsgfmt
configure:17058: checking for xgettext
configure:17086: result: /usr/bin/xgettext
configure:17105: gcc -o conftest -g -O2   conftest.c -lm -lnsl   >&5
configure:17105: $? = 0
configure:17188: checking for catalogs to be installed
configure:17213: result:  af am ar ar_SA as ast az be@latin bg bn_IN bn br brx bs ca ca@valencia cs da de dz el en_AU en_CA en_GB eo es_AR es et eu fa fi fr ga gl gu he hi hr hu id it ja ka kk km kn ko ks ku_IQ ku lt lv mai mhr mk ml mn mr ms_MY my_MM nb ne nl nn oc or pa pl ps pt_BR pt ro ru sd si sk sl sq sr@latin sr sv sw ta te th tr tt uk ur uz vi xh zh_CN zh_HK zh_TW
configure:17277: checking for GLIB
configure:17284: $PKG_CONFIG --exists --print-errors "glib-2.0 >= 2.16.0 gobject-2.0 gmodule-2.0 gthread-2.0"
configure:17287: $? = 0
configure:17301: $PKG_CONFIG --exists --print-errors "glib-2.0 >= 2.16.0 gobject-2.0 gmodule-2.0 gthread-2.0"
configure:17304: $? = 0
configure:17360: result: yes
configure:17369: checking for GIO_UNIX
configure:17376: $PKG_CONFIG --exists --print-errors "gio-unix-2.0 >= 2.26"
configure:17379: $? = 0
configure:17393: $PKG_CONFIG --exists --print-errors "gio-unix-2.0 >= 2.26"
configure:17396: $? = 0
configure:17454: result: yes
configure:17579: checking how to run the C preprocessor
configure:17605: gcc -E  conftest.c
configure:17605: $? = 0
configure:17620: gcc -E  conftest.c
conftest.c:58:10: fatal error: ac_nonexistent.h: No such file or directory
   58 | #include <ac_nonexistent.h>
      |          ^~~~~~~~~~~~~~~~~~
compilation terminated.
configure:17620: $? = 1
configure: failed program was:
| /* confdefs.h */
| #define PACKAGE_NAME "pidgin"
| #define PACKAGE_TARNAME "pidgin"
| #define PACKAGE_VERSION "2.14.12"
| #define PACKAGE_STRING "pidgin 2.14.12"
| #define PACKAGE_BUGREPORT "devel@pidgin.im"
| #define PACKAGE_URL ""
| #define PACKAGE "pidgin"
| #define VERSION "2.14.12"
| #define CONFIG_ARGS ""
| #define HAVE_STDIO_H 1
| #define HAVE_STDLIB_H 1
| #define HAVE_STRING_H 1
| #define HAVE_INTTYPES_H 1
| #define HAVE_STDINT_H 1
| #define HAVE_STRINGS_H 1
| #define HAVE_SYS_STAT_H 1
| #define HAVE_SYS_TYPES_H 1
| #define HAVE_UNISTD_H 1
| #define STDC_HEADERS 1
| #define HAVE_DLFCN_H 1
| #define LT_OBJDIR ".libs/"
| #define HAVE_ALLOCA_H 1
| #define HAVE_ALLOCA 1
| #define HAVE_SYS_WAIT_H 1
| #define HAVE_ARPA_NAMESER_COMPAT_H 1
| #define HAVE_FCNTL_H 1
| #define HAVE_SYS_TIME_H 1
| #define HAVE_UNISTD_H 1
| #define HAVE_LOCALE_H 1
| #define HAVE_SIGNAL_H 1
| #define HAVE_STDINT_H 1
| #define HAVE_REGEX_H 1
| #define SIZEOF_TIME_T 8
| #define RETSIGTYPE void
| #define HAVE_STRFTIME 1
| #define HAVE_STRDUP 1
| #define HAVE_STRSTR 1
| #define HAVE_ATEXIT 1
| #define HAVE_SETLOCALE 1
| #define HAVE_GETOPT_LONG 1
| #define HAVE_LIBNSL 1
| #define HAVE_GETADDRINFO 1
| #define HAVE_INET_NTOP 1
| #define HAVE_GETIFADDRS 1
| #define HAVE_IPV6_V6ONLY 1
| #define HAVE_FILENO 1
| #define HAVE_STRFTIME_Z_FORMAT 1
| #define HAVE_LOCALE_H 1
| #define HAVE_LC_MESSAGES 1
| #define HAVE_BIND_TEXTDOMAIN_CODESET 1
| #define HAVE_GETTEXT 1
| #define HAVE_DCGETTEXT 1
| #define ENABLE_NLS 1
| #define HAVE_GIOUNIX 1
| #define DISPLAY_VERSION "2.14.12"
| /* end confdefs.h.  */
| #include <ac_nonexistent.h>
configure:17647: result: gcc -E
configure:17661: gcc -E  conftest.c
configure:17661: $? = 0
configure:17676: gcc -E  conftest.c
conftest.c:58:10: fatal error: ac_nonexistent.h: No such file or directory
   58 | #include <ac_nonexistent.h>
      |          ^~~~~~~~~~~~~~~~~~
compilation terminated.
configure:17676: $? = 1
configure: failed program was:
| /* confdefs.h */
| #define PACKAGE_NAME "pidgin"
| #define PACKAGE_TARNAME "pidgin"
| #define PACKAGE_VERSION "2.14.12"
| #define PACKAGE_STRING "pidgin 2.14.12"
| #define PACKAGE_BUGREPORT "devel@pidgin.im"
| #define PACKAGE_URL ""
| #define PACKAGE "pidgin"
| #define VERSION "2.14.12"
| #define CONFIG_ARGS ""
| #define HAVE_STDIO_H 1
| #define HAVE_STDLIB_H 1
| #define HAVE_STRING_H 1
| #define HAVE_INTTYPES_H 1
| #define HAVE_STDINT_H 1
| #define HAVE_STRINGS_H 1
| #define HAVE_SYS_STAT_H 1
| #define HAVE_SYS_TYPES_H 1
| #define HAVE_UNISTD_H 1
| #define STDC_HEADERS 1
| #define HAVE_DLFCN_H 1
| #define LT_OBJDIR ".libs/"
| #define HAVE_ALLOCA_H 1
| #define HAVE_ALLOCA 1
| #define HAVE_SYS_WAIT_H 1
| #define HAVE_ARPA_NAMESER_COMPAT_H 1
| #define HAVE_FCNTL_H 1
| #define HAVE_SYS_TIME_H 1
| #define HAVE_UNISTD_H 1
| #define HAVE_LOCALE_H 1
| #define HAVE_SIGNAL_H 1
| #define HAVE_STDINT_H 1
| #define HAVE_REGEX_H 1
| #define SIZEOF_TIME_T 8
| #define RETSIGTYPE void
| #define HAVE_STRFTIME 1
| #define HAVE_STRDUP 1
| #define HAVE_STRSTR 1
| #define HAVE_ATEXIT 1
| #define HAVE_SETLOCALE 1
| #define HAVE_GETOPT_LONG 1
| #define HAVE_LIBNSL 1
| #define HAVE_GETADDRINFO 1
| #define HAVE_INET_NTOP 1
| #define HAVE_GETIFADDRS 1
| #define HAVE_IPV6_V6ONLY 1
| #define HAVE_FILENO 1
| #define HAVE_STRFTIME_Z_FORMAT 1
| #define HAVE_LOCALE_H 1
| #define HAVE_LC_MESSAGES 1
| #define HAVE_BIND_TEXTDOMAIN_CODESET 1
| #define HAVE_GETTEXT 1
| #define HAVE_DCGETTEXT 1
| #define ENABLE_NLS 1
| #define HAVE_GIOUNIX 1
| #define DISPLAY_VERSION "2.14.12"
| /* end confdefs.h.  */
| #include <ac_nonexistent.h>
configure:17707: checking for X
configure:17745: gcc -o conftest -g -O2   conftest.c -lX11 -lm -lnsl  >&5
configure:17745: $? = 0
configure:17932: result: libraries , headers 
configure:18036: gcc -o conftest -g -O2   conftest.c -lm -lnsl   -lX11 >&5
configure:18036: $? = 0
configure:18147: checking for gethostbyname
configure:18147: gcc -o conftest -g -O2   conftest.c -lm -lnsl  >&5
configure:18147: $? = 0
configure:18147: result: yes
configure:18257: checking for connect
configure:18257: gcc -o conftest -g -O2   conftest.c -lm -lnsl  >&5
configure:18257: $? = 0
configure:18257: result: yes
configure:18313: checking for remove
configure:18313: gcc -o conftest -g -O2   conftest.c -lm -lnsl  >&5
configure:18313: $? = 0
configure:18313: result: yes
configure:18369: checking for shmat
configure:18369: gcc -o conftest -g -O2   conftest.c -lm -lnsl  >&5
configure:18369: $? = 0
configure:18369: result: yes
configure:18434: checking for IceConnectionNumber in -lICE
configure:18463: gcc -o conftest -g -O2   conftest.c -lICE  -lm -lnsl  >&5
configure:18463: $? = 0
configure:18473: result: yes
configure:18501: checking for GTK
configure:18508: $PKG_CONFIG --exists --print-errors "gtk+-2.0 >= 2.10.0"
configure:18511: $? = 0
configure:18525: $PKG_CONFIG --exists --print-errors "gtk+-2.0 >= 2.10.0"
configure:18528: $? = 0
configure:18582: result: yes
configure:18592: checking for PANGO
configure:18599: $PKG_CONFIG --exists --print-errors "pango >= 1.4.0"
configure:18602: $? = 0
configure:18616: $PKG_CONFIG --exists --print-errors "pango >= 1.4.0"
configure:18619: $? = 0
configure:18657: result: yes
configure:18667: checking for X11
configure:18674: $PKG_CONFIG --exists --print-errors "x11"
configure:18677: $? = 0
configure:18691: $PKG_CONFIG --exists --print-errors "x11"
configure:18694: $? = 0
configure:18760: result: yes
configure:18780: checking for XScreenSaverRegister in -lXext
configure:18809: gcc -o conftest -g -O2   conftest.c -lXext -lX11 -lXext -lm -lm -lnsl  -lgtk-x11-2.0 -lgdk-x11-2.0 -lpangocairo-1.0 -latk-1.0 -lcairo -lgdk_pixbuf-2.0 -lgio-2.0 -lpangoft2-1.0 -lpango-1.0 -lgobject-2.0 -lglib-2.0 -lharfbuzz -lfontconfig -lfreetype   >&5
/usr/lib/gcc/x86_64-pc-linux-gnu/12/../../../../x86_64-pc-linux-gnu/bin/ld: /tmp/cc8tYSCy.o: in function `main':
/tmp/14/pidgin/conftest.c:74: undefined reference to `XScreenSaverRegister'
collect2: error: ld returned 1 exit status
configure:18809: $? = 1
configure: failed program was:
| /* confdefs.h */
| #define PACKAGE_NAME "pidgin"
| #define PACKAGE_TARNAME "pidgin"
| #define PACKAGE_VERSION "2.14.12"
| #define PACKAGE_STRING "pidgin 2.14.12"
| #define PACKAGE_BUGREPORT "devel@pidgin.im"
| #define PACKAGE_URL ""
| #define PACKAGE "pidgin"
| #define VERSION "2.14.12"
| #define CONFIG_ARGS ""
| #define HAVE_STDIO_H 1
| #define HAVE_STDLIB_H 1
| #define HAVE_STRING_H 1
| #define HAVE_INTTYPES_H 1
| #define HAVE_STDINT_H 1
| #define HAVE_STRINGS_H 1
| #define HAVE_SYS_STAT_H 1
| #define HAVE_SYS_TYPES_H 1
| #define HAVE_UNISTD_H 1
| #define STDC_HEADERS 1
| #define HAVE_DLFCN_H 1
| #define LT_OBJDIR ".libs/"
| #define HAVE_ALLOCA_H 1
| #define HAVE_ALLOCA 1
| #define HAVE_SYS_WAIT_H 1
| #define HAVE_ARPA_NAMESER_COMPAT_H 1
| #define HAVE_FCNTL_H 1
| #define HAVE_SYS_TIME_H 1
| #define HAVE_UNISTD_H 1
| #define HAVE_LOCALE_H 1
| #define HAVE_SIGNAL_H 1
| #define HAVE_STDINT_H 1
| #define HAVE_REGEX_H 1
| #define SIZEOF_TIME_T 8
| #define RETSIGTYPE void
| #define HAVE_STRFTIME 1
| #define HAVE_STRDUP 1
| #define HAVE_STRSTR 1
| #define HAVE_ATEXIT 1
| #define HAVE_SETLOCALE 1
| #define HAVE_GETOPT_LONG 1
| #define HAVE_LIBNSL 1
| #define HAVE_GETADDRINFO 1
| #define HAVE_INET_NTOP 1
| #define HAVE_GETIFADDRS 1
| #define HAVE_IPV6_V6ONLY 1
| #define HAVE_FILENO 1
| #define HAVE_STRFTIME_Z_FORMAT 1
| #define HAVE_LOCALE_H 1
| #define HAVE_LC_MESSAGES 1
| #define HAVE_BIND_TEXTDOMAIN_CODESET 1
| #define HAVE_GETTEXT 1
| #define HAVE_DCGETTEXT 1
| #define ENABLE_NLS 1
| #define HAVE_GIOUNIX 1
| #define DISPLAY_VERSION "2.14.12"
| #define HAVE_PANGO14 1
| #define HAVE_X11 1
| /* end confdefs.h.  */
| 
| /* Override any GCC internal prototype to avoid an error.
|    Use char because int might match the return type of a GCC
|    builtin and then its argument prototype would still apply.
|    The 'extern "C"' is for builds by C++ compilers;
|    although this is not generally supported in C code supporting it here
|    has little cost and some practical benefit (sr 110532).  */
| #ifdef __cplusplus
| extern "C"
| #endif
| char XScreenSaverRegister (void);
| int
| main (void)
| {
| return XScreenSaverRegister ();
|   ;
|   return 0;
| }
configure:18819: result: no
configure:18826: checking for XScreenSaverRegister in -lXss
configure:18855: gcc -o conftest -g -O2   conftest.c -lXss -lX11 -lXext -lm -lm -lnsl  -lgtk-x11-2.0 -lgdk-x11-2.0 -lpangocairo-1.0 -latk-1.0 -lcairo -lgdk_pixbuf-2.0 -lgio-2.0 -lpangoft2-1.0 -lpango-1.0 -lgobject-2.0 -lglib-2.0 -lharfbuzz -lfontconfig -lfreetype   >&5
configure:18855: $? = 0
configure:18865: result: yes
configure:18889: gcc -c -g -O2   conftest.c >&5
configure:18889: $? = 0
configure:18924: checking for SmcSaveYourselfDone in -lSM
configure:18953: gcc -o conftest -g -O2   conftest.c -lSM  -lICE -lm -lnsl  >&5
configure:18953: $? = 0
configure:18963: result: yes
configure:18975: checking for X11/SM/SMlib.h
configure:18975: gcc -c -g -O2   conftest.c >&5
configure:18975: $? = 0
configure:18975: result: yes
configure:19013: checking for GTKSPELL
configure:19020: $PKG_CONFIG --exists --print-errors "gtkspell-2.0 >= 2.0.2"
configure:19023: $? = 0
configure:19037: $PKG_CONFIG --exists --print-errors "gtkspell-2.0 >= 2.0.2"
configure:19040: $? = 0
configure:19096: result: yes
configure:19113: checking for EVOLUTION_ADDRESSBOOK
configure:19120: $PKG_CONFIG --exists --print-errors "$evo_deps"
Package libebook-1.2 was not found in the pkg-config search path.
Perhaps you should add the directory containing `libebook-1.2.pc'
to the PKG_CONFIG_PATH environment variable
Package 'libebook-1.2', required by 'virtual:world', not found
Package 'libedata-book-1.2', required by 'virtual:world', not found
Package 'evolution-data-server-1.2', required by 'virtual:world', not found
configure:19123: $? = 1
configure:19137: $PKG_CONFIG --exists --print-errors "$evo_deps"
Package libebook-1.2 was not found in the pkg-config search path.
Perhaps you should add the directory containing `libebook-1.2.pc'
to the PKG_CONFIG_PATH environment variable
Package 'libebook-1.2', required by 'virtual:world', not found
Package 'libedata-book-1.2', required by 'virtual:world', not found
Package 'evolution-data-server-1.2', required by 'virtual:world', not found
configure:19140: $? = 1
configure:19154: result: no
Package 'libebook-1.2', required by 'virtual:world', not found
Package 'libedata-book-1.2', required by 'virtual:world', not found
Package 'evolution-data-server-1.2', required by 'virtual:world', not found
configure:19194: error: 
Evolution development headers not found (libebook, libedata-book, evolution-data-server >= 3.6).
Use --disable-gevolution if you do not need it.


## ---------------- ##
## Cache variables. ##
## ---------------- ##

ac_cv_build=x86_64-pc-linux-gnu
ac_cv_c_bigendian=no
ac_cv_c_compiler_gnu=yes
ac_cv_c_const=yes
ac_cv_c_undeclared_builtin_options='none needed'
ac_cv_env_AVAHI_CFLAGS_set=
ac_cv_env_AVAHI_CFLAGS_value=
ac_cv_env_AVAHI_LIBS_set=
ac_cv_env_AVAHI_LIBS_value=
ac_cv_env_CC_set=
ac_cv_env_CC_value=
ac_cv_env_CFLAGS_set=
ac_cv_env_CFLAGS_value=
ac_cv_env_CHECK_CFLAGS_set=
ac_cv_env_CHECK_CFLAGS_value=
ac_cv_env_CHECK_LIBS_set=
ac_cv_env_CHECK_LIBS_value=
ac_cv_env_CPPFLAGS_set=
ac_cv_env_CPPFLAGS_value=
ac_cv_env_CPP_set=
ac_cv_env_CPP_value=
ac_cv_env_DBUS_CFLAGS_set=
ac_cv_env_DBUS_CFLAGS_value=
ac_cv_env_DBUS_LIBS_set=
ac_cv_env_DBUS_LIBS_value=
ac_cv_env_EVOLUTION_ADDRESSBOOK_CFLAGS_set=
ac_cv_env_EVOLUTION_ADDRESSBOOK_CFLAGS_value=
ac_cv_env_EVOLUTION_ADDRESSBOOK_LIBS_set=
ac_cv_env_EVOLUTION_ADDRESSBOOK_LIBS_value=
ac_cv_env_FARSTREAM_CFLAGS_set=
ac_cv_env_FARSTREAM_CFLAGS_value=
ac_cv_env_FARSTREAM_LIBS_set=
ac_cv_env_FARSTREAM_LIBS_value=
ac_cv_env_GIO_UNIX_CFLAGS_set=
ac_cv_env_GIO_UNIX_CFLAGS_value=
ac_cv_env_GIO_UNIX_LIBS_set=
ac_cv_env_GIO_UNIX_LIBS_value=
ac_cv_env_GLIB_CFLAGS_set=
ac_cv_env_GLIB_CFLAGS_value=
ac_cv_env_GLIB_LIBS_set=
ac_cv_env_GLIB_LIBS_value=
ac_cv_env_GNT_CFLAGS_set=
ac_cv_env_GNT_CFLAGS_value=
ac_cv_env_GNT_LIBS_set=
ac_cv_env_GNT_LIBS_value=
ac_cv_env_GNUTLS_2_10_CFLAGS_set=
ac_cv_env_GNUTLS_2_10_CFLAGS_value=
ac_cv_env_GNUTLS_2_10_LIBS_set=
ac_cv_env_GNUTLS_2_10_LIBS_value=
ac_cv_env_GSTAPP_CFLAGS_set=
ac_cv_env_GSTAPP_CFLAGS_value=
ac_cv_env_GSTAPP_LIBS_set=
ac_cv_env_GSTAPP_LIBS_value=
ac_cv_env_GSTINTERFACES_CFLAGS_set=
ac_cv_env_GSTINTERFACES_CFLAGS_value=
ac_cv_env_GSTINTERFACES_LIBS_set=
ac_cv_env_GSTINTERFACES_LIBS_value=
ac_cv_env_GSTREAMER_CFLAGS_set=
ac_cv_env_GSTREAMER_CFLAGS_value=
ac_cv_env_GSTREAMER_LIBS_set=
ac_cv_env_GSTREAMER_LIBS_value=
ac_cv_env_GSTVIDEO_CFLAGS_set=
ac_cv_env_GSTVIDEO_CFLAGS_value=
ac_cv_env_GSTVIDEO_LIBS_set=
ac_cv_env_GSTVIDEO_LIBS_value=
ac_cv_env_GTKSPELL_CFLAGS_set=
ac_cv_env_GTKSPELL_CFLAGS_value=
ac_cv_env_GTKSPELL_LIBS_set=
ac_cv_env_GTKSPELL_LIBS_value=
ac_cv_env_GTK_CFLAGS_set=
ac_cv_env_GTK_CFLAGS_value=
ac_cv_env_GTK_LIBS_set=
ac_cv_env_GTK_LIBS_value=
ac_cv_env_IDN_CFLAGS_set=
ac_cv_env_IDN_CFLAGS_value=
ac_cv_env_IDN_LIBS_set=
ac_cv_env_IDN_LIBS_value=
ac_cv_env_LDFLAGS_set=
ac_cv_env_LDFLAGS_value=
ac_cv_env_LIBGADU_CFLAGS_set=
ac_cv_env_LIBGADU_CFLAGS_value=
ac_cv_env_LIBGADU_LIBS_set=
ac_cv_env_LIBGADU_LIBS_value=
ac_cv_env_LIBGNT_CFLAGS_set=
ac_cv_env_LIBGNT_CFLAGS_value=
ac_cv_env_LIBGNT_LIBS_set=
ac_cv_env_LIBGNT_LIBS_value=
ac_cv_env_LIBS_set=
ac_cv_env_LIBS_value=
ac_cv_env_LIBXML_CFLAGS_set=
ac_cv_env_LIBXML_CFLAGS_value=
ac_cv_env_LIBXML_LIBS_set=
ac_cv_env_LIBXML_LIBS_value=
ac_cv_env_LT_SYS_LIBRARY_PATH_set=
ac_cv_env_LT_SYS_LIBRARY_PATH_value=
ac_cv_env_MEANWHILE_CFLAGS_set=
ac_cv_env_MEANWHILE_CFLAGS_value=
ac_cv_env_MEANWHILE_LIBS_set=
ac_cv_env_MEANWHILE_LIBS_value=
ac_cv_env_MONO_CFLAGS_set=
ac_cv_env_MONO_CFLAGS_value=
ac_cv_env_MONO_LIBS_set=
ac_cv_env_MONO_LIBS_value=
ac_cv_env_NETWORKMANAGER_CFLAGS_set=
ac_cv_env_NETWORKMANAGER_CFLAGS_value=
ac_cv_env_NETWORKMANAGER_LIBS_set=
ac_cv_env_NETWORKMANAGER_LIBS_value=
ac_cv_env_NSS_CFLAGS_set=
ac_cv_env_NSS_CFLAGS_value=
ac_cv_env_NSS_LIBS_set=
ac_cv_env_NSS_LIBS_value=
ac_cv_env_PANGO_CFLAGS_set=
ac_cv_env_PANGO_CFLAGS_value=
ac_cv_env_PANGO_LIBS_set=
ac_cv_env_PANGO_LIBS_value=
ac_cv_env_PKG_CONFIG_LIBDIR_set=
ac_cv_env_PKG_CONFIG_LIBDIR_value=
ac_cv_env_PKG_CONFIG_PATH_set=
ac_cv_env_PKG_CONFIG_PATH_value=
ac_cv_env_PKG_CONFIG_set=
ac_cv_env_PKG_CONFIG_value=
ac_cv_env_SILC_CFLAGS_set=
ac_cv_env_SILC_CFLAGS_value=
ac_cv_env_SILC_LIBS_set=
ac_cv_env_SILC_LIBS_value=
ac_cv_env_SQLITE3_CFLAGS_set=
ac_cv_env_SQLITE3_CFLAGS_value=
ac_cv_env_SQLITE3_LIBS_set=
ac_cv_env_SQLITE3_LIBS_value=
ac_cv_env_UNITY_CFLAGS_set=
ac_cv_env_UNITY_CFLAGS_value=
ac_cv_env_UNITY_LIBS_set=
ac_cv_env_UNITY_LIBS_value=
ac_cv_env_X11_CFLAGS_set=
ac_cv_env_X11_CFLAGS_value=
ac_cv_env_X11_LIBS_set=
ac_cv_env_X11_LIBS_value=
ac_cv_env_XMKMF_set=
ac_cv_env_XMKMF_value=
ac_cv_env_build_alias_set=
ac_cv_env_build_alias_value=
ac_cv_env_host_alias_set=
ac_cv_env_host_alias_value=
ac_cv_env_target_alias_set=
ac_cv_env_target_alias_value=
ac_cv_func_alloca_works=yes
ac_cv_func_atexit=yes
ac_cv_func_bind_textdomain_codeset=yes
ac_cv_func_connect=yes
ac_cv_func_dcgettext=yes
ac_cv_func_dlopen=yes
ac_cv_func_getaddrinfo=yes
ac_cv_func_gethostbyname=yes
ac_cv_func_getifaddrs=yes
ac_cv_func_getopt_long=yes
ac_cv_func_inet_aton=yes
ac_cv_func_inet_ntop=yes
ac_cv_func_remove=yes
ac_cv_func_setlocale=yes
ac_cv_func_shmat=yes
ac_cv_func_socket=yes
ac_cv_func_strdup=yes
ac_cv_func_strftime=yes
ac_cv_func_strstr=yes
ac_cv_have_decl_IPV6_V6ONLY=yes
ac_cv_have_decl___SUNPRO_C=no
ac_cv_have_x='have_x=yes	ac_x_includes='\'''\''	ac_x_libraries='\'''\'''
ac_cv_header_X11_SM_SMlib_h=yes
ac_cv_header_arpa_nameser_compat_h=yes
ac_cv_header_dlfcn_h=yes
ac_cv_header_fcntl_h=yes
ac_cv_header_inttypes_h=yes
ac_cv_header_libintl_h=yes
ac_cv_header_locale_h=yes
ac_cv_header_regex_h=yes
ac_cv_header_signal_h=yes
ac_cv_header_stdint_h=yes
ac_cv_header_stdio_h=yes
ac_cv_header_stdlib_h=yes
ac_cv_header_string_h=yes
ac_cv_header_strings_h=yes
ac_cv_header_sys_stat_h=yes
ac_cv_header_sys_time_h=yes
ac_cv_header_sys_types_h=yes
ac_cv_header_sys_wait_h=yes
ac_cv_header_unistd_h=yes
ac_cv_host=x86_64-pc-linux-gnu
ac_cv_lib_ICE_IceConnectionNumber=yes
ac_cv_lib_SM_SmcSaveYourselfDone=yes
ac_cv_lib_Xext_XScreenSaverRegister=no
ac_cv_lib_Xss_XScreenSaverRegister=yes
ac_cv_lib_m_cos=yes
ac_cv_lib_nsl_gethostent=yes
ac_cv_lib_resolv___res_query=no
ac_cv_member_struct_sockaddr_sa_len=no
ac_cv_objext=o
ac_cv_path_EGREP='/bin/grep -E'
ac_cv_path_FGREP='/bin/grep -F'
ac_cv_path_GMSGFMT=/usr/bin/gmsgfmt
ac_cv_path_GREP=/bin/grep
ac_cv_path_INTLTOOL_EXTRACT=/usr/bin/intltool-extract
ac_cv_path_INTLTOOL_MERGE=/usr/bin/intltool-merge
ac_cv_path_INTLTOOL_PERL=/usr/bin/perl
ac_cv_path_INTLTOOL_UPDATE=/usr/bin/intltool-update
ac_cv_path_MSGFMT=/usr/bin/msgfmt
ac_cv_path_MSGMERGE=/usr/bin/msgmerge
ac_cv_path_SED=/bin/sed
ac_cv_path_XGETTEXT=/usr/bin/xgettext
ac_cv_path_ac_pt_PKG_CONFIG=/usr/bin/pkg-config
ac_cv_path_install='/usr/bin/install -c'
ac_cv_path_lt_DD=/bin/dd
ac_cv_path_mkdir=/bin/mkdir
ac_cv_path_sedpath=/bin/sed
ac_cv_prog_AWK=gawk
ac_cv_prog_CPP='gcc -E'
ac_cv_prog_ac_ct_AR=ar
ac_cv_prog_ac_ct_CC=gcc
ac_cv_prog_ac_ct_DLLTOOL=dlltool
ac_cv_prog_ac_ct_FILECMD=file
ac_cv_prog_ac_ct_OBJDUMP=objdump
ac_cv_prog_ac_ct_RANLIB=ranlib
ac_cv_prog_ac_ct_STRIP=strip
ac_cv_prog_cc_c11=
ac_cv_prog_cc_g=yes
ac_cv_prog_cc_stdc=
ac_cv_prog_make_make_set=yes
ac_cv_search_ceil=-lm
ac_cv_sizeof_time_t=8
ac_cv_struct_tm=time.h
ac_cv_sys_file_offset_bits=no
ac_cv_sys_largefile_CC=no
ac_cv_type_signal=void
ac_cv_type_size_t=yes
ac_cv_working_alloca_h=yes
am_cv_CC_dependencies_compiler_type=gcc3
am_cv_make_support_nested_variables=yes
am_cv_prog_cc_c_o=yes
am_cv_val_LC_MESSAGES=yes
gt_cv_func_CFLocaleCopyCurrent=no
gt_cv_func_CFPreferencesCopyAppValue=no
gt_cv_func_dgettext_libc=yes
gt_cv_func_dgettext_libintl=no
gt_cv_func_ngettext_libc=yes
gt_cv_have_gettext=yes
lt_cv_ar_at_file=@
lt_cv_archive_cmds_need_lc=no
lt_cv_deplibs_check_method=pass_all
lt_cv_file_magic_cmd='$MAGIC_CMD'
lt_cv_file_magic_test_file=
lt_cv_ld_reload_flag=-r
lt_cv_nm_interface='BSD nm'
lt_cv_objdir=.libs
lt_cv_path_LD=/usr/x86_64-pc-linux-gnu/bin/ld
lt_cv_path_NM='/usr/bin/nm -B'
lt_cv_path_mainfest_tool=no
lt_cv_prog_compiler_c_o=yes
lt_cv_prog_compiler_pic='-fPIC -DPIC'
lt_cv_prog_compiler_pic_works=yes
lt_cv_prog_compiler_rtti_exceptions=no
lt_cv_prog_compiler_static_works=yes
lt_cv_prog_gnu_ld=yes
lt_cv_sharedlib_from_linklib_cmd='printf %s\n'
lt_cv_shlibpath_overrides_runpath=yes
lt_cv_sys_global_symbol_pipe='/bin/sed -n -e '\''s/^.*[	 ]\([ABCDGIRSTW][ABCDGIRSTW]*\)[	 ][	 ]*\([_A-Za-z][_A-Za-z0-9]*\)$/\1 \2 \2/p'\'' | /bin/sed '\''/ __gnu_lto/d'\'''
lt_cv_sys_global_symbol_to_c_name_address='/bin/sed -n -e '\''s/^: \(.*\) .*$/  {"\1", (void *) 0},/p'\'' -e '\''s/^[ABCDGIRSTW][ABCDGIRSTW]* .* \(.*\)$/  {"\1", (void *) \&\1},/p'\'''
lt_cv_sys_global_symbol_to_c_name_address_lib_prefix='/bin/sed -n -e '\''s/^: \(.*\) .*$/  {"\1", (void *) 0},/p'\'' -e '\''s/^[ABCDGIRSTW][ABCDGIRSTW]* .* \(lib.*\)$/  {"\1", (void *) \&\1},/p'\'' -e '\''s/^[ABCDGIRSTW][ABCDGIRSTW]* .* \(.*\)$/  {"lib\1", (void *) \&\1},/p'\'''
lt_cv_sys_global_symbol_to_cdecl='/bin/sed -n -e '\''s/^T .* \(.*\)$/extern int \1();/p'\'' -e '\''s/^[ABCDGIRSTW][ABCDGIRSTW]* .* \(.*\)$/extern char \1;/p'\'''
lt_cv_sys_global_symbol_to_import=
lt_cv_sys_max_cmd_len=1572864
lt_cv_to_host_file_cmd=func_convert_file_noop
lt_cv_to_tool_file_cmd=func_convert_file_noop
lt_cv_truncate_bin='/bin/dd bs=4096 count=1'
pkg_cv_GIO_UNIX_CFLAGS='-I/usr/include/gio-unix-2.0 -I/usr/include/glib-2.0 -I/usr/lib64/glib-2.0/include -I/usr/lib64/libffi/include -pthread -I/usr/include/libmount -I/usr/include/blkid '
pkg_cv_GIO_UNIX_LIBS='-lgio-2.0 -lgobject-2.0 -lglib-2.0 '
pkg_cv_GLIB_CFLAGS='-I/usr/include/glib-2.0 -I/usr/lib64/glib-2.0/include -I/usr/lib64/libffi/include -pthread '
pkg_cv_GLIB_LIBS='-lgobject-2.0 -Wl,--export-dynamic -lgmodule-2.0 -lglib-2.0 -lgthread-2.0 -pthread -lglib-2.0 '
pkg_cv_GTKSPELL_CFLAGS='-I/usr/include/gtkspell-2.0 -I/usr/include/gtk-2.0 -I/usr/lib64/gtk-2.0/include -I/usr/include/pango-1.0 -I/usr/include/glib-2.0 -I/usr/lib64/glib-2.0/include -I/usr/lib64/libffi/include -I/usr/include/harfbuzz -I/usr/include/freetype2 -I/usr/include/libmount -I/usr/include/blkid -I/usr/include/fribidi -I/usr/include/cairo -I/usr/include/lzo -I/usr/include/libpng16 -I/usr/include/pixman-1 -I/usr/include/gdk-pixbuf-2.0 -I/usr/include/atk-1.0 -pthread '
pkg_cv_GTKSPELL_LIBS='-lgtkspell -lgtk-x11-2.0 -lgdk-x11-2.0 -lpangocairo-1.0 -latk-1.0 -lcairo -lgdk_pixbuf-2.0 -lgio-2.0 -lpangoft2-1.0 -lpango-1.0 -lgobject-2.0 -lglib-2.0 -lharfbuzz -lfontconfig -lfreetype '
pkg_cv_GTK_CFLAGS='-I/usr/include/gtk-2.0 -I/usr/lib64/gtk-2.0/include -I/usr/include/pango-1.0 -I/usr/include/glib-2.0 -I/usr/lib64/glib-2.0/include -I/usr/lib64/libffi/include -I/usr/include/harfbuzz -I/usr/include/freetype2 -I/usr/include/libmount -I/usr/include/blkid -I/usr/include/fribidi -I/usr/include/cairo -I/usr/include/lzo -I/usr/include/libpng16 -I/usr/include/pixman-1 -I/usr/include/gdk-pixbuf-2.0 -I/usr/include/atk-1.0 -pthread '
pkg_cv_GTK_LIBS='-lgtk-x11-2.0 -lgdk-x11-2.0 -lpangocairo-1.0 -latk-1.0 -lcairo -lgdk_pixbuf-2.0 -lgio-2.0 -lpangoft2-1.0 -lpango-1.0 -lgobject-2.0 -lglib-2.0 -lharfbuzz -lfontconfig -lfreetype '
pkg_cv_PANGO_CFLAGS='-I/usr/include/pango-1.0 -I/usr/include/glib-2.0 -I/usr/lib64/glib-2.0/include -I/usr/lib64/libffi/include -I/usr/include/harfbuzz -I/usr/include/freetype2 -pthread -I/usr/include/libmount -I/usr/include/blkid -I/usr/include/fribidi -I/usr/include/cairo -I/usr/include/lzo -I/usr/include/libpng16 -I/usr/include/pixman-1 '
pkg_cv_PANGO_LIBS='-lpango-1.0 -lgobject-2.0 -lglib-2.0 -lharfbuzz '
pkg_cv_X11_CFLAGS=
pkg_cv_X11_LIBS='-lX11 '

## ----------------- ##
## Output variables. ##
## ----------------- ##

ACLOCAL='${SHELL} '\''/tmp/14/pidgin/missing'\'' aclocal-1.16'
ALLOCA=''
ALL_LINGUAS='af am ar ar_SA as ast az be@latin bg bn_IN bn br brx bs ca ca@valencia cs da de dz el en_AU en_CA en_GB eo es_AR es et eu fa fi fr ga gl gu he hi hr hu id it ja ka kk km kn ko ks ku_IQ ku lt lv mai mhr mk ml mn mr ms_MY my_MM nb ne nl nn oc or pa pl ps pt_BR pt ro ru sd si sk sl sq sr@latin sr sv sw ta te th tr tt uk ur uz vi xh zh_CN zh_HK zh_TW'
AMDEPBACKSLASH='\'
AMDEP_FALSE='#'
AMDEP_TRUE=''
AMTAR='$${TAR-tar}'
AM_BACKSLASH='\'
AM_DEFAULT_V='$(AM_DEFAULT_VERBOSITY)'
AM_DEFAULT_VERBOSITY='0'
AM_V='$(V)'
AR='ar'
AUTOCONF='${SHELL} '\''/tmp/14/pidgin/missing'\'' autoconf'
AUTOHEADER='${SHELL} '\''/tmp/14/pidgin/missing'\'' autoheader'
AUTOMAKE='${SHELL} '\''/tmp/14/pidgin/missing'\'' automake-1.16'
AVAHI_CFLAGS=''
AVAHI_LIBS=''
AWK='gawk'
BUILD_GEVOLUTION_FALSE=''
BUILD_GEVOLUTION_TRUE=''
CATALOGS=' af.gmo am.gmo ar.gmo ar_SA.gmo as.gmo ast.gmo az.gmo be@latin.gmo bg.gmo bn_IN.gmo bn.gmo br.gmo brx.gmo bs.gmo ca.gmo ca@valencia.gmo cs.gmo da.gmo de.gmo dz.gmo el.gmo en_AU.gmo en_CA.gmo en_GB.gmo eo.gmo es_AR.gmo es.gmo et.gmo eu.gmo fa.gmo fi.gmo fr.gmo ga.gmo gl.gmo gu.gmo he.gmo hi.gmo hr.gmo hu.gmo id.gmo it.gmo ja.gmo ka.gmo kk.gmo km.gmo kn.gmo ko.gmo ks.gmo ku_IQ.gmo ku.gmo lt.gmo lv.gmo mai.gmo mhr.gmo mk.gmo ml.gmo mn.gmo mr.gmo ms_MY.gmo my_MM.gmo nb.gmo ne.gmo nl.gmo nn.gmo oc.gmo or.gmo pa.gmo pl.gmo ps.gmo pt_BR.gmo pt.gmo ro.gmo ru.gmo sd.gmo si.gmo sk.gmo sl.gmo sq.gmo sr@latin.gmo sr.gmo sv.gmo sw.gmo ta.gmo te.gmo th.gmo tr.gmo tt.gmo uk.gmo ur.gmo uz.gmo vi.gmo xh.gmo zh_CN.gmo zh_HK.gmo zh_TW.gmo'
CATOBJEXT='.gmo'
CC='gcc'
CCDEPMODE='depmode=gcc3'
CFLAGS='-g -O2'
CHECK_CFLAGS=''
CHECK_LIBS=''
CPP='gcc -E'
CPPFLAGS=''
CSCOPE='cscope'
CTAGS='ctags'
CYGPATH_W='echo'
DATADIRNAME='share'
DBUS_CFLAGS=''
DBUS_LIBS=''
DBUS_SERVICES_DIR=''
DEBUG_CFLAGS=''
DEFS=''
DEPDIR='.deps'
DISTRIB_FALSE=''
DISTRIB_TRUE=''
DLLTOOL='dlltool'
DOT=''
DOXYGEN=''
DSYMUTIL=''
DUMPBIN=''
DYNALOADER_A=''
DYNAMIC_PRPLS=''
ECHO_C=''
ECHO_N='-n'
ECHO_T=''
EGREP='/bin/grep -E'
ENABLE_CAP_FALSE=''
ENABLE_CAP_TRUE=''
ENABLE_DBUS_FALSE=''
ENABLE_DBUS_TRUE=''
ENABLE_GESTURES_FALSE=''
ENABLE_GESTURES_TRUE=''
ENABLE_GNT_FALSE=''
ENABLE_GNT_TRUE=''
ENABLE_GTK_FALSE=''
ENABLE_GTK_TRUE=''
ENABLE_TRAYCOMPAT_FALSE=''
ENABLE_TRAYCOMPAT_TRUE=''
ENABLE_UNITY_FALSE=''
ENABLE_UNITY_TRUE=''
ETAGS='etags'
EVOLUTION_ADDRESSBOOK_CFLAGS=''
EVOLUTION_ADDRESSBOOK_LIBS=''
EXEEXT=''
EXTERNAL_LIBZEPHYR_FALSE=''
EXTERNAL_LIBZEPHYR_TRUE=''
FARSTREAM_CFLAGS=''
FARSTREAM_LIBS=''
FGREP='/bin/grep -F'
FILECMD='file'
FUZZ_FALSE=''
FUZZ_TRUE=''
GCONFTOOL=''
GCONF_SCHEMAS_INSTALL_FALSE=''
GCONF_SCHEMAS_INSTALL_TRUE=''
GCONF_SCHEMA_CONFIG_SOURCE=''
GCONF_SCHEMA_FILE_DIR=''
GETTEXT_PACKAGE='pidgin'
GIO_UNIX_CFLAGS='-I/usr/include/gio-unix-2.0 -I/usr/include/glib-2.0 -I/usr/lib64/glib-2.0/include -I/usr/lib64/libffi/include -pthread -I/usr/include/libmount -I/usr/include/blkid '
GIO_UNIX_LIBS='-lgio-2.0 -lgobject-2.0 -lglib-2.0 '
GLIB_CFLAGS='-I/usr/include/glib-2.0 -I/usr/lib64/glib-2.0/include -I/usr/lib64/libffi/include -pthread '
GLIB_GENMARSHAL='/usr/bin/glib-genmarshal'
GLIB_LIBS='-lgobject-2.0 -Wl,--export-dynamic -lgmodule-2.0 -lglib-2.0 -lgthread-2.0 -pthread -lglib-2.0 '
GMOFILES=' af.gmo am.gmo ar.gmo ar_SA.gmo as.gmo ast.gmo az.gmo be@latin.gmo bg.gmo bn_IN.gmo bn.gmo br.gmo brx.gmo bs.gmo ca.gmo ca@valencia.gmo cs.gmo da.gmo de.gmo dz.gmo el.gmo en_AU.gmo en_CA.gmo en_GB.gmo eo.gmo es_AR.gmo es.gmo et.gmo eu.gmo fa.gmo fi.gmo fr.gmo ga.gmo gl.gmo gu.gmo he.gmo hi.gmo hr.gmo hu.gmo id.gmo it.gmo ja.gmo ka.gmo kk.gmo km.gmo kn.gmo ko.gmo ks.gmo ku_IQ.gmo ku.gmo lt.gmo lv.gmo mai.gmo mhr.gmo mk.gmo ml.gmo mn.gmo mr.gmo ms_MY.gmo my_MM.gmo nb.gmo ne.gmo nl.gmo nn.gmo oc.gmo or.gmo pa.gmo pl.gmo ps.gmo pt_BR.gmo pt.gmo ro.gmo ru.gmo sd.gmo si.gmo sk.gmo sl.gmo sq.gmo sr@latin.gmo sr.gmo sv.gmo sw.gmo ta.gmo te.gmo th.gmo tr.gmo tt.gmo uk.gmo ur.gmo uz.gmo vi.gmo xh.gmo zh_CN.gmo zh_HK.gmo zh_TW.gmo'
GMSGFMT='/usr/bin/gmsgfmt'
GNT_CFLAGS=''
GNT_LIBS=''
GNUTLS_2_10_CFLAGS=''
GNUTLS_2_10_LIBS=''
GNUTLS_CFLAGS=''
GNUTLS_LIBS=''
GREP='/bin/grep'
GSTAPP_CFLAGS=''
GSTAPP_LIBS=''
GSTINTERFACES_CFLAGS=''
GSTINTERFACES_LIBS=''
GSTREAMER_CFLAGS=''
GSTREAMER_LIBS=''
GSTREAMER_VER=''
GSTVIDEO_CFLAGS=''
GSTVIDEO_LIBS=''
GTKSPELL_CFLAGS='-I/usr/include/gtkspell-2.0 -I/usr/include/gtk-2.0 -I/usr/lib64/gtk-2.0/include -I/usr/include/pango-1.0 -I/usr/include/glib-2.0 -I/usr/lib64/glib-2.0/include -I/usr/lib64/libffi/include -I/usr/include/harfbuzz -I/usr/include/freetype2 -I/usr/include/libmount -I/usr/include/blkid -I/usr/include/fribidi -I/usr/include/cairo -I/usr/include/lzo -I/usr/include/libpng16 -I/usr/include/pixman-1 -I/usr/include/gdk-pixbuf-2.0 -I/usr/include/atk-1.0 -pthread '
GTKSPELL_LIBS='-lgtkspell -lgtk-x11-2.0 -lgdk-x11-2.0 -lpangocairo-1.0 -latk-1.0 -lcairo -lgdk_pixbuf-2.0 -lgio-2.0 -lpangoft2-1.0 -lpango-1.0 -lgobject-2.0 -lglib-2.0 -lharfbuzz -lfontconfig -lfreetype '
GTK_CFLAGS='-I/usr/include/gtk-2.0 -I/usr/lib64/gtk-2.0/include -I/usr/include/pango-1.0 -I/usr/include/glib-2.0 -I/usr/lib64/glib-2.0/include -I/usr/lib64/libffi/include -I/usr/include/harfbuzz -I/usr/include/freetype2 -I/usr/include/libmount -I/usr/include/blkid -I/usr/include/fribidi -I/usr/include/cairo -I/usr/include/lzo -I/usr/include/libpng16 -I/usr/include/pixman-1 -I/usr/include/gdk-pixbuf-2.0 -I/usr/include/atk-1.0 -pthread '
GTK_LIBS='-lgtk-x11-2.0 -lgdk-x11-2.0 -lpangocairo-1.0 -latk-1.0 -lcairo -lgdk_pixbuf-2.0 -lgio-2.0 -lpangoft2-1.0 -lpango-1.0 -lgobject-2.0 -lglib-2.0 -lharfbuzz -lfontconfig -lfreetype '
HAVE_CHECK_FALSE=''
HAVE_CHECK_TRUE=''
HAVE_DOXYGEN_FALSE=''
HAVE_DOXYGEN_TRUE=''
HAVE_LIBGADU_FALSE=''
HAVE_LIBGADU_TRUE=''
HAVE_XSLTPROC_FALSE=''
HAVE_XSLTPROC_TRUE=''
IDN_CFLAGS=''
IDN_LIBS=''
INSTALL_DATA='${INSTALL} -m 644'
INSTALL_I18N_FALSE='#'
INSTALL_I18N_TRUE=''
INSTALL_PIXMAPS_FALSE=''
INSTALL_PIXMAPS_TRUE=''
INSTALL_PROGRAM='${INSTALL}'
INSTALL_SCRIPT='${INSTALL}'
INSTALL_SSL_CERTIFICATES_FALSE=''
INSTALL_SSL_CERTIFICATES_TRUE=''
INSTALL_STRIP_PROGRAM='$(install_sh) -c -s'
INSTOBJEXT='.mo'
INTLLIBS=''
INTLTOOL_CAVES_RULE='%.caves:     %.caves.in     $(INTLTOOL_MERGE) $(wildcard $(top_srcdir)/po/*.po) ; $(INTLTOOL_V_MERGE)LC_ALL=C $(INTLTOOL_MERGE) $(INTLTOOL_V_MERGE_OPTIONS) -d -u -c $(top_builddir)/po/.intltool-merge-cache $(top_srcdir)/po $< $@'
INTLTOOL_DESKTOP_RULE='%.desktop:   %.desktop.in   $(INTLTOOL_MERGE) $(wildcard $(top_srcdir)/po/*.po) ; $(INTLTOOL_V_MERGE)LC_ALL=C $(INTLTOOL_MERGE) $(INTLTOOL_V_MERGE_OPTIONS) -d -u -c $(top_builddir)/po/.intltool-merge-cache $(top_srcdir)/po $< $@'
INTLTOOL_DIRECTORY_RULE='%.directory: %.directory.in $(INTLTOOL_MERGE) $(wildcard $(top_srcdir)/po/*.po) ; $(INTLTOOL_V_MERGE)LC_ALL=C $(INTLTOOL_MERGE) $(INTLTOOL_V_MERGE_OPTIONS) -d -u -c $(top_builddir)/po/.intltool-merge-cache $(top_srcdir)/po $< $@'
INTLTOOL_EXTRACT='/usr/bin/intltool-extract'
INTLTOOL_KBD_RULE='%.kbd:       %.kbd.in       $(INTLTOOL_MERGE) $(wildcard $(top_srcdir)/po/*.po) ; $(INTLTOOL_V_MERGE)LC_ALL=C $(INTLTOOL_MERGE) $(INTLTOOL_V_MERGE_OPTIONS) -x -u -m -c $(top_builddir)/po/.intltool-merge-cache $(top_srcdir)/po $< $@'
INTLTOOL_KEYS_RULE='%.keys:      %.keys.in      $(INTLTOOL_MERGE) $(wildcard $(top_srcdir)/po/*.po) ; $(INTLTOOL_V_MERGE)LC_ALL=C $(INTLTOOL_MERGE) $(INTLTOOL_V_MERGE_OPTIONS) -k -u -c $(top_builddir)/po/.intltool-merge-cache $(top_srcdir)/po $< $@'
INTLTOOL_MERGE='/usr/bin/intltool-merge'
INTLTOOL_OAF_RULE='%.oaf:       %.oaf.in       $(INTLTOOL_MERGE) $(wildcard $(top_srcdir)/po/*.po) ; $(INTLTOOL_V_MERGE)LC_ALL=C $(INTLTOOL_MERGE) $(INTLTOOL_V_MERGE_OPTIONS) -o -p $(top_srcdir)/po $< $@'
INTLTOOL_PERL='/usr/bin/perl'
INTLTOOL_POLICY_RULE='%.policy:    %.policy.in    $(INTLTOOL_MERGE) $(wildcard $(top_srcdir)/po/*.po) ; $(INTLTOOL_V_MERGE)LC_ALL=C $(INTLTOOL_MERGE) $(INTLTOOL_V_MERGE_OPTIONS) -x -u -c $(top_builddir)/po/.intltool-merge-cache $(top_srcdir)/po $< $@'
INTLTOOL_PONG_RULE='%.pong:      %.pong.in      $(INTLTOOL_MERGE) $(wildcard $(top_srcdir)/po/*.po) ; $(INTLTOOL_V_MERGE)LC_ALL=C $(INTLTOOL_MERGE) $(INTLTOOL_V_MERGE_OPTIONS) -x -u -c $(top_builddir)/po/.intltool-merge-cache $(top_srcdir)/po $< $@'
INTLTOOL_PROP_RULE='%.prop:      %.prop.in      $(INTLTOOL_MERGE) $(wildcard $(top_srcdir)/po/*.po) ; $(INTLTOOL_V_MERGE)LC_ALL=C $(INTLTOOL_MERGE) $(INTLTOOL_V_MERGE_OPTIONS) -d -u -c $(top_builddir)/po/.intltool-merge-cache $(top_srcdir)/po $< $@'
INTLTOOL_SCHEMAS_RULE='%.schemas:   %.schemas.in   $(INTLTOOL_MERGE) $(wildcard $(top_srcdir)/po/*.po) ; $(INTLTOOL_V_MERGE)LC_ALL=C $(INTLTOOL_MERGE) $(INTLTOOL_V_MERGE_OPTIONS) -s -u -c $(top_builddir)/po/.intltool-merge-cache $(top_srcdir)/po $< $@'
INTLTOOL_SERVER_RULE='%.server:    %.server.in    $(INTLTOOL_MERGE) $(wildcard $(top_srcdir)/po/*.po) ; $(INTLTOOL_V_MERGE)LC_ALL=C $(INTLTOOL_MERGE) $(INTLTOOL_V_MERGE_OPTIONS) -o -u -c $(top_builddir)/po/.intltool-merge-cache $(top_srcdir)/po $< $@'
INTLTOOL_SERVICE_RULE='%.service: %.service.in   $(INTLTOOL_MERGE) $(wildcard $(top_srcdir)/po/*.po) ; $(INTLTOOL_V_MERGE)LC_ALL=C $(INTLTOOL_MERGE) $(INTLTOOL_V_MERGE_OPTIONS) -d -u -c $(top_builddir)/po/.intltool-merge-cache $(top_srcdir)/po $< $@'
INTLTOOL_SHEET_RULE='%.sheet:     %.sheet.in     $(INTLTOOL_MERGE) $(wildcard $(top_srcdir)/po/*.po) ; $(INTLTOOL_V_MERGE)LC_ALL=C $(INTLTOOL_MERGE) $(INTLTOOL_V_MERGE_OPTIONS) -x -u -c $(top_builddir)/po/.intltool-merge-cache $(top_srcdir)/po $< $@'
INTLTOOL_SOUNDLIST_RULE='%.soundlist: %.soundlist.in $(INTLTOOL_MERGE) $(wildcard $(top_srcdir)/po/*.po) ; $(INTLTOOL_V_MERGE)LC_ALL=C $(INTLTOOL_MERGE) $(INTLTOOL_V_MERGE_OPTIONS) -d -u -c $(top_builddir)/po/.intltool-merge-cache $(top_srcdir)/po $< $@'
INTLTOOL_THEME_RULE='%.theme:     %.theme.in     $(INTLTOOL_MERGE) $(wildcard $(top_srcdir)/po/*.po) ; $(INTLTOOL_V_MERGE)LC_ALL=C $(INTLTOOL_MERGE) $(INTLTOOL_V_MERGE_OPTIONS) -d -u -c $(top_builddir)/po/.intltool-merge-cache $(top_srcdir)/po $< $@'
INTLTOOL_UI_RULE='%.ui:        %.ui.in        $(INTLTOOL_MERGE) $(wildcard $(top_srcdir)/po/*.po) ; $(INTLTOOL_V_MERGE)LC_ALL=C $(INTLTOOL_MERGE) $(INTLTOOL_V_MERGE_OPTIONS) -x -u -c $(top_builddir)/po/.intltool-merge-cache $(top_srcdir)/po $< $@'
INTLTOOL_UPDATE='/usr/bin/intltool-update'
INTLTOOL_V_MERGE='$(INTLTOOL__v_MERGE_$(V))'
INTLTOOL_V_MERGE_OPTIONS='$(intltool__v_merge_options_$(V))'
INTLTOOL_XAM_RULE='%.xam:       %.xml.in       $(INTLTOOL_MERGE) $(wildcard $(top_srcdir)/po/*.po) ; $(INTLTOOL_V_MERGE)LC_ALL=C $(INTLTOOL_MERGE) $(INTLTOOL_V_MERGE_OPTIONS) -x -u -c $(top_builddir)/po/.intltool-merge-cache $(top_srcdir)/po $< $@'
INTLTOOL_XML_NOMERGE_RULE='%.xml:       %.xml.in       $(INTLTOOL_MERGE) ; $(INTLTOOL_V_MERGE)LC_ALL=C $(INTLTOOL_MERGE) $(INTLTOOL_V_MERGE_OPTIONS) -x -u --no-translations $< $@'
INTLTOOL_XML_RULE='%.xml:       %.xml.in       $(INTLTOOL_MERGE) $(wildcard $(top_srcdir)/po/*.po) ; $(INTLTOOL_V_MERGE)LC_ALL=C $(INTLTOOL_MERGE) $(INTLTOOL_V_MERGE_OPTIONS) -x -u -c $(top_builddir)/po/.intltool-merge-cache $(top_srcdir)/po $< $@'
INTLTOOL__v_MERGE_0='@echo "  ITMRG " $@;'
INTLTOOL__v_MERGE_='$(INTLTOOL__v_MERGE_$(AM_DEFAULT_VERBOSITY))'
INTL_MACOSX_LIBS=''
KRB4_CFLAGS=''
KRB4_LDFLAGS=''
KRB4_LIBS=''
LD='/usr/x86_64-pc-linux-gnu/bin/ld -m elf_x86_64'
LDADD=''
LDFLAGS=''
LIBGADU_CFLAGS=''
LIBGADU_LIBS=''
LIBGNT_CFLAGS=''
LIBGNT_LIBS=''
LIBM='-lm'
LIBOBJS=''
LIBPERL_A=''
LIBS='-lm -lnsl '
LIBTOOL='$(SHELL) $(top_builddir)/libtool --silent'
LIBXML_CFLAGS=''
LIBXML_LIBS=''
LIPO=''
LN_S='ln -s'
LTLIBOBJS=''
LT_SYS_LIBRARY_PATH=''
MAKEINFO='${SHELL} '\''/tmp/14/pidgin/missing'\'' makeinfo'
MANIFEST_TOOL=':'
MEANWHILE_CFLAGS=''
MEANWHILE_LIBS=''
MKDIR_P='/bin/mkdir -p'
MKINSTALLDIRS='.//mkinstalldirs'
MONO_CFLAGS=''
MONO_LIBS=''
MSGFMT='/usr/bin/msgfmt'
MSGFMT_OPTS='-c'
MSGMERGE='/usr/bin/msgmerge'
NETWORKMANAGER_CFLAGS=''
NETWORKMANAGER_LIBS=''
NM='/usr/bin/nm -B'
NMEDIT=''
NSS_CFLAGS=''
NSS_LIBS=''
OBJDUMP='objdump'
OBJEXT='o'
OTOOL64=''
OTOOL=''
PACKAGE='pidgin'
PACKAGE_BUGREPORT='devel@pidgin.im'
PACKAGE_NAME='pidgin'
PACKAGE_STRING='pidgin 2.14.12'
PACKAGE_TARNAME='pidgin'
PACKAGE_URL=''
PACKAGE_VERSION='2.14.12'
PANGO_CFLAGS='-I/usr/include/pango-1.0 -I/usr/include/glib-2.0 -I/usr/lib64/glib-2.0/include -I/usr/lib64/libffi/include -I/usr/include/harfbuzz -I/usr/include/freetype2 -pthread -I/usr/include/libmount -I/usr/include/blkid -I/usr/include/fribidi -I/usr/include/cairo -I/usr/include/lzo -I/usr/include/libpng16 -I/usr/include/pixman-1 '
PANGO_LIBS='-lpango-1.0 -lgobject-2.0 -lglib-2.0 -lharfbuzz '
PATH_SEPARATOR=':'
PERL=''
PERL_CFLAGS=''
PERL_LIBS=''
PKG_CONFIG='/usr/bin/pkg-config'
PKG_CONFIG_LIBDIR=''
PKG_CONFIG_PATH=''
PLUGINS_DEFINE=''
PLUGINS_FALSE=''
PLUGINS_TRUE=''
POFILES=' af.po am.po ar.po ar_SA.po as.po ast.po az.po be@latin.po bg.po bn_IN.po bn.po br.po brx.po bs.po ca.po ca@valencia.po cs.po da.po de.po dz.po el.po en_AU.po en_CA.po en_GB.po eo.po es_AR.po es.po et.po eu.po fa.po fi.po fr.po ga.po gl.po gu.po he.po hi.po hr.po hu.po id.po it.po ja.po ka.po kk.po km.po kn.po ko.po ks.po ku_IQ.po ku.po lt.po lv.po mai.po mhr.po mk.po ml.po mn.po mr.po ms_MY.po my_MM.po nb.po ne.po nl.po nn.po oc.po or.po pa.po pl.po ps.po pt_BR.po pt.po ro.po ru.po sd.po si.po sk.po sl.po sq.po sr@latin.po sr.po sv.po sw.po ta.po te.po th.po tr.po tt.po uk.po ur.po uz.po vi.po xh.po zh_CN.po zh_HK.po zh_TW.po'
POSUB='po'
PO_IN_DATADIR_FALSE=''
PO_IN_DATADIR_TRUE=''
PURPLE_AVAILABLE_FALSE=''
PURPLE_AVAILABLE_TRUE=''
PURPLE_LT_VERSION_INFO='14:12:14'
PURPLE_MAJOR_VERSION='2'
PURPLE_MICRO_VERSION='12'
PURPLE_MINOR_VERSION='14'
PURPLE_VERSION='purple_display_version'
PYTHON3=''
RANLIB='ranlib'
SASL_LIBS=''
SED='/bin/sed'
SET_MAKE=''
SHELL='/bin/sh'
SILC_CFLAGS=''
SILC_LIBS=''
SM_LIBS=' -lSM -lICE'
SQLITE3_CFLAGS=''
SQLITE3_LIBS=''
SSL_CERTIFICATES_DIR=''
STATIC_BONJOUR_FALSE=''
STATIC_BONJOUR_TRUE=''
STATIC_GG_FALSE=''
STATIC_GG_TRUE=''
STATIC_IRC_FALSE=''
STATIC_IRC_TRUE=''
STATIC_JABBER_FALSE=''
STATIC_JABBER_TRUE=''
STATIC_LINK_LIBS=''
STATIC_NOVELL_FALSE=''
STATIC_NOVELL_TRUE=''
STATIC_PRPLS=''
STATIC_SAMETIME_FALSE=''
STATIC_SAMETIME_TRUE=''
STATIC_SILC_FALSE=''
STATIC_SILC_TRUE=''
STATIC_SIMPLE_FALSE=''
STATIC_SIMPLE_TRUE=''
STATIC_ZEPHYR_FALSE=''
STATIC_ZEPHYR_TRUE=''
STRIP='strip'
TCL_CFLAGS=''
TCL_LIBS=''
TK_LIBS=''
UNITY_CFLAGS=''
UNITY_LIBS=''
USES_MM_CHAT_SECTION=''
USE_CYRUS_SASL_FALSE=''
USE_CYRUS_SASL_TRUE=''
USE_GCONFTOOL_FALSE=''
USE_GCONFTOOL_TRUE=''
USE_GNUTLS_FALSE=''
USE_GNUTLS_TRUE=''
USE_MONO_FALSE=''
USE_MONO_TRUE=''
USE_NLS='yes'
USE_NSS_FALSE=''
USE_NSS_TRUE=''
USE_PERL_FALSE=''
USE_PERL_TRUE=''
USE_TCL_FALSE=''
USE_TCL_TRUE=''
USE_TK_FALSE=''
USE_TK_TRUE=''
USE_VV_FALSE=''
USE_VV_TRUE=''
VERSION='2.14.12'
X11_CFLAGS=''
X11_LIBS='-lX11 '
XGETTEXT='/usr/bin/xgettext'
XMKMF=''
XSLTPROC=''
XSS_LIBS='  -lSM -lICE -lX11 -lXext   -lXss'
X_CFLAGS=''
X_EXTRA_LIBS=''
X_LIBS=''
X_PRE_LIBS=' -lSM -lICE'
ZEPHYR_CFLAGS=''
ZEPHYR_LDFLAGS=''
ZEPHYR_LIBS=''
ac_ct_AR='ar'
ac_ct_CC='gcc'
ac_ct_DUMPBIN=''
am__EXEEXT_FALSE=''
am__EXEEXT_TRUE=''
am__fastdepCC_FALSE='#'
am__fastdepCC_TRUE=''
am__include='include'
am__isrc=''
am__leading_dot='.'
am__nodep='_no'
am__quote=''
am__tar='$${TAR-tar} chof - "$$tardir"'
am__untar='$${TAR-tar} xf -'
bindir='${exec_prefix}/bin'
build='x86_64-pc-linux-gnu'
build_alias=''
build_cpu='x86_64'
build_os='linux-gnu'
build_vendor='pc'
datadir='${datarootdir}'
datarootdir='${prefix}/share'
docdir='${datarootdir}/doc/${PACKAGE_TARNAME}'
dvidir='${docdir}'
enable_dbus=''
enable_devhelp=''
enable_dot=''
enable_doxygen=''
exec_prefix='NONE'
host='x86_64-pc-linux-gnu'
host_alias=''
host_cpu='x86_64'
host_os='linux-gnu'
host_vendor='pc'
htmldir='${docdir}'
includedir='${prefix}/include'
infodir='${datarootdir}/info'
install_sh='${SHELL} /tmp/14/pidgin/install-sh'
intltool__v_merge_options_0='-q'
intltool__v_merge_options_='$(intltool__v_merge_options_$(AM_DEFAULT_VERBOSITY))'
libdir='${exec_prefix}/lib'
libexecdir='${exec_prefix}/libexec'
localedir='${datarootdir}/locale'
localstatedir='${prefix}/var'
mandir='${datarootdir}/man'
mkdir_p='$(MKDIR_P)'
oldincludedir='/usr/include'
pdfdir='${docdir}'
perlpath=''
pidginpath=''
prefix='NONE'
program_transform_name='s,x,x,'
psdir='${docdir}'
runstatedir='${localstatedir}/run'
sbindir='${exec_prefix}/sbin'
sedpath='/bin/sed'
sharedstatedir='${prefix}/com'
sysconfdir='${prefix}/etc'
target_alias=''

## ----------- ##
## confdefs.h. ##
## ----------- ##

/* confdefs.h */
#define PACKAGE_NAME "pidgin"
#define PACKAGE_TARNAME "pidgin"
#define PACKAGE_VERSION "2.14.12"
#define PACKAGE_STRING "pidgin 2.14.12"
#define PACKAGE_BUGREPORT "devel@pidgin.im"
#define PACKAGE_URL ""
#define PACKAGE "pidgin"
#define VERSION "2.14.12"
#define CONFIG_ARGS ""
#define HAVE_STDIO_H 1
#define HAVE_STDLIB_H 1
#define HAVE_STRING_H 1
#define HAVE_INTTYPES_H 1
#define HAVE_STDINT_H 1
#define HAVE_STRINGS_H 1
#define HAVE_SYS_STAT_H 1
#define HAVE_SYS_TYPES_H 1
#define HAVE_UNISTD_H 1
#define STDC_HEADERS 1
#define HAVE_DLFCN_H 1
#define LT_OBJDIR ".libs/"
#define HAVE_ALLOCA_H 1
#define HAVE_ALLOCA 1
#define HAVE_SYS_WAIT_H 1
#define HAVE_ARPA_NAMESER_COMPAT_H 1
#define HAVE_FCNTL_H 1
#define HAVE_SYS_TIME_H 1
#define HAVE_UNISTD_H 1
#define HAVE_LOCALE_H 1
#define HAVE_SIGNAL_H 1
#define HAVE_STDINT_H 1
#define HAVE_REGEX_H 1
#define SIZEOF_TIME_T 8
#define RETSIGTYPE void
#define HAVE_STRFTIME 1
#define HAVE_STRDUP 1
#define HAVE_STRSTR 1
#define HAVE_ATEXIT 1
#define HAVE_SETLOCALE 1
#define HAVE_GETOPT_LONG 1
#define HAVE_LIBNSL 1
#define HAVE_GETADDRINFO 1
#define HAVE_INET_NTOP 1
#define HAVE_GETIFADDRS 1
#define HAVE_IPV6_V6ONLY 1
#define HAVE_FILENO 1
#define HAVE_STRFTIME_Z_FORMAT 1
#define HAVE_LOCALE_H 1
#define HAVE_LC_MESSAGES 1
#define HAVE_BIND_TEXTDOMAIN_CODESET 1
#define HAVE_GETTEXT 1
#define HAVE_DCGETTEXT 1
#define ENABLE_NLS 1
#define HAVE_GIOUNIX 1
#define DISPLAY_VERSION "2.14.12"
#define HAVE_PANGO14 1
#define HAVE_X11 1
#define USE_SCREENSAVER 1
#define HAVE_X11_SM_SMLIB_H 1
#define USE_SM 1
#define USE_GTKSPELL 1

configure: exit 1
